<?xml version="1.0" encoding="utf-8"?><testsuites name="pytest tests"><testsuite name="pytest" errors="0" failures="20" skipped="3" tests="1235" time="128.226" timestamp="2025-12-10T13:32:22.817396-06:00" hostname="woody"><testcase classname="tests.unit.test_app.test_docs" name="test_path_helpers_normalize_and_join" time="0.002" /><testcase classname="tests.unit.test_core.test_search.TestFuzzySearchFilter" name="test_single_field" time="0.002" /><testcase classname="tests.unit.test_app.test_docs" name="test_render_templates_escape_values_and_use_local_assets" time="0.001" /><testcase classname="tests.unit.test_app.test_docs" name="test_configure_documentation_mounts_static_and_skips_docs_when_disabled" time="0.001" /><testcase classname="tests.unit.test_app.test_docs" name="test_ensure_asyncapi_template_patched_is_idempotent" time="0.001" /><testcase classname="tests.unit.test_app.test_exception_handlers" name="test_app_exception_handler_handles_problem_details[AppException-False]" time="0.003" /><testcase classname="tests.unit.test_infra.test_tracking.test_postgres_tracker" name="test_get_task_details" time="0.095" /><testcase classname="tests.unit.test_core.test_search.TestFuzzySearchFilter" name="test_multiple_fields" time="0.001" /><testcase classname="tests.unit.test_core.test_search.TestFuzzySearchFilter" name="test_default_threshold" time="0.000" /><testcase classname="tests.unit.test_core.test_search.TestFuzzySearchFilter" name="test_word_similarity_option" time="0.001" /><testcase classname="tests.unit.test_infra.test_ai.test_agents.test_base.TestAgentConfig" name="test_default_config" time="0.003" /><testcase classname="tests.unit.test_infra.test_ai.test_agents.test_base.TestAgentConfig" name="test_custom_config" time="0.001" /><testcase classname="tests.unit.test_infra.test_ai.test_agents.test_base.TestAgentConfig" name="test_config_validation" time="0.001" /><testcase classname="tests.unit.test_infra.test_ai.test_agents.test_base.TestAgentState" name="test_default_state" time="0.002" /><testcase classname="tests.unit.test_infra.test_ai.test_observability.TestAITracer" name="test_noop_compensation_span" time="0.004" /><testcase classname="tests.unit.test_infra.test_ai.test_observability.TestBudgetService" name="test_budget_service_initialization" time="0.001" /><testcase classname="tests.unit.test_infra.test_ai.test_observability.TestBudgetService" name="test_set_and_check_budget" time="0.001" /><testcase classname="tests.unit.test_middleware.test_pii_masking.TestPIIMasker" name="test_mixed_list_types" time="0.002" /><testcase classname="tests.unit.test_middleware.test_pii_masking.TestPIIMasker" name="test_performance_with_large_data" time="0.002" /><testcase classname="tests.unit.test_middleware.test_rate_limit" name="test_rate_limit_injects_headers_on_success" time="0.003" /><testcase classname="tests.unit.test_infra.test_cache.test_decorators.TestInvalidateTags" name="test_invalidate_tags_without_client" time="0.008" /><testcase classname="tests.unit.test_infra.test_cache.test_decorators.TestInvalidateTags" name="test_invalidate_tags_returns_total_count" time="0.004" /><testcase classname="tests.unit.test_core.test_search.TestPhraseProximityFilter" name="test_single_word_fallback" time="0.001" /><testcase classname="tests.unit.test_core.test_search.TestPhraseProximityFilter" name="test_multiple_words" time="0.001" /><testcase classname="tests.unit.test_core.test_search.TestPhraseProximityFilter" name="test_default_distance_is_adjacent" time="0.001" /><testcase classname="tests.unit.test_infra.test_ai.test_agents.test_base.TestAgentState" name="test_state_to_dict" time="0.001" /><testcase classname="tests.unit.test_infra.test_ai.test_agents.test_structured_output.TestExtractionStrategy" name="test_strategy_values" time="0.002" /><testcase classname="tests.unit.test_features.test_health.test_task_tracker_provider" name="test_query_exception_returns_unhealthy" time="0.006" /><testcase classname="tests.unit.test_features.test_health.test_task_tracker_provider" name="test_metadata_includes_stats" time="0.003" /><testcase classname="tests.unit.test_features.test_email.test_service.TestProviderValidation" name="test_validate_provider_config_aws_ses_missing_fields" time="0.006" /><testcase classname="tests.unit.test_features.test_email.test_service.TestProviderValidation" name="test_validate_provider_config_sendgrid_valid" time="0.004" /><testcase classname="tests.unit.test_features.test_email.test_service.TestProviderValidation" name="test_validate_provider_config_console_no_requirements" time="0.004" /><testcase classname="tests.unit.test_infra.test_ai.test_agents.test_structured_output.TestRetryConfig" name="test_default_values" time="0.001" /><testcase classname="tests.unit.test_infra.test_ai.test_agents.test_structured_output.TestRetryConfig" name="test_custom_values" time="0.000" /><testcase classname="tests.unit.test_infra.test_ai.test_agents.test_tools.TestToolResult" name="test_success_result" time="0.001" /><testcase classname="tests.unit.test_infra.test_ai.test_observability.TestBudgetService" name="test_track_spend" time="0.002" /><testcase classname="tests.unit.test_infra.test_ai.test_agents.test_base.TestAgentState" name="test_state_from_dict" time="0.001" /><testcase classname="tests.unit.test_infra.test_ai.test_agents.test_base.TestAgentResult" name="test_success_result" time="0.001" /><testcase classname="tests.unit.test_middleware.test_rate_limit" name="test_rate_limit_returns_json_when_exceeded" time="0.002" /><testcase classname="tests.unit.test_middleware.test_rate_limit" name="test_rate_limit_fail_open_on_error" time="0.003" /><testcase classname="tests.unit.test_core.test_search.TestPhraseProximityFilter" name="test_whitespace_words_filtered" time="0.001" /><testcase classname="tests.unit.test_core.test_search.TestBoostedSearchFilter" name="test_weight_boosts" time="0.001" /><testcase classname="tests.unit.test_core.test_search.TestBoostedSearchFilter" name="test_term_boosts" time="0.001" /><testcase classname="tests.unit.test_infra.test_cache.test_decorators.TestCacheIntegration" name="test_cached_with_tags_and_invalidation" time="0.004" /><testcase classname="tests.unit.test_app.test_exception_handlers" name="test_app_exception_handler_handles_problem_details[RateLimitException-True]" time="0.002" /><testcase classname="tests.unit.test_app.test_exception_handlers" name="test_validation_exception_handler_formats_errors" time="0.002" /><testcase classname="tests.unit.test_infra.test_ai.test_agents.test_tools.TestToolResult" name="test_failure_result" time="0.001" /><testcase classname="tests.unit.test_infra.test_ai.test_agents.test_tools.TestToolResult" name="test_partial_result" time="0.000" /><testcase classname="tests.unit.test_infra.test_ai.test_agents.test_tools.TestToolResult" name="test_timeout_result" time="0.000" /><testcase classname="tests.unit.test_infra.test_ai.test_agents.test_base.TestAgentResult" name="test_failure_result" time="0.001" /><testcase classname="tests.unit.test_infra.test_ai.test_agents.test_base.TestLLMResponse" name="test_response_creation" time="0.001" /><testcase classname="tests.unit.test_infra.test_ai.test_observability.TestBudgetService" name="test_budget_exceeded" time="0.001" /><testcase classname="tests.unit.test_infra.test_ai.test_observability.TestBudgetService" name="test_budget_warning_threshold" time="0.001" /><testcase classname="tests.unit.test_infra.test_ai.test_agents.test_tools.TestToolResult" name="test_to_dict" time="0.000" /><testcase classname="tests.unit.test_app.test_exception_handlers" name="test_generic_exception_handler_tracks_unknown" time="0.002" /><testcase classname="tests.unit.test_infra.test_ai.test_agents.test_base.TestLLMResponse" name="test_response_with_tool_calls" time="0.001" /><testcase classname="tests.unit.test_features.test_email.test_service.TestGetConfig" name="test_get_config_found" time="0.089" /><testcase classname="tests.unit.test_middleware.test_rate_limit" name="test_default_key_func_uses_forwarded_header" time="0.000" /><testcase classname="tests.unit.test_infra.test_ai.test_agents.test_tools.TestToolResult" name="test_to_message_content_success" time="0.000" /><testcase classname="tests.unit.test_infra.test_cache.test_decorators.TestCacheIntegration" name="test_multiple_functions_sharing_tags" time="0.004" /><testcase classname="tests.unit.test_infra.test_ai.test_observability.TestBudgetService" name="test_spend_summary" time="0.001" /><testcase classname="tests.unit.test_middleware.test_rate_limit_middleware" name="test_allows_request_and_sets_headers" time="0.004" /><testcase classname="tests.unit.test_features.test_tasks.test_router" name="test_get_running_tasks_empty" time="0.032" /><testcase classname="tests.unit.test_core.test_search.TestHybridSearchFilter" name="test_stores_parameters" time="0.001" /><testcase classname="tests.unit.test_core.test_search.TestHybridSearchFilter" name="test_default_weights" time="0.001" /><testcase classname="tests.unit.test_core.test_search.TestMultiFieldSearchFilter" name="test_stores_field_configs" time="0.001" /><testcase classname="tests.unit.test_core.test_search.TestMultiFieldSearchFilter" name="test_require_all_option" time="0.000" /><testcase classname="tests.unit.test_core.test_search.TestRankingOptions" name="test_default_normalization" time="0.000" /><testcase classname="tests.unit.test_infra.test_ai.test_agents.test_base.TestBaseAgent" name="test_agent_requires_type" time="0.001" /><testcase classname="tests.unit.test_infra.test_ai.test_agents.test_base.TestBaseAgent" name="test_agent_initialization" time="0.001" /><testcase classname="tests.unit.test_infra.test_ai.test_agents.test_base.TestBaseAgent" name="test_agent_with_custom_config" time="0.001" /><testcase classname="tests.unit.test_app.test_exception_handlers" name="test_problem_json_response_parses_body" time="0.001" /><testcase classname="tests.unit.test_app.test_exception_handlers" name="test_configure_exception_handlers_registers_handlers" time="0.017" /><testcase classname="tests.unit.test_infra.test_cache.test_decorators.TestCacheIntegration" name="test_cache_key_consistency_across_calls" time="0.004" /><testcase classname="tests.unit.test_infra.test_ai.test_agents.test_tools.TestToolResult" name="test_to_message_content_failure" time="0.000" /><testcase classname="tests.unit.test_infra.test_ai.test_agents.test_base.TestBaseAgent" name="test_agent_with_default_config" time="0.001" /><testcase classname="tests.unit.test_features.test_realtime.test_router.TestWebSocketEndpoint" name="test_websocket_disabled_closes_connection" time="0.006" /><testcase classname="tests.unit.test_core.test_search.TestRankingOptions" name="test_cover_density_option" time="0.000" /><testcase classname="tests.unit.test_core.test_search.TestRankingOptions" name="test_custom_weights" time="0.000" /><testcase classname="tests.unit.test_core.test_search.TestRankNormalization" name="test_can_combine_flags" time="0.000" /><testcase classname="tests.unit.test_middleware.test_rate_limit_middleware" name="test_returns_json_when_rate_limit_exceeded" time="0.003" /><testcase classname="tests.unit.test_infra.test_ai.test_agents.test_tools.TestBaseTool" name="test_tool_requires_name" time="0.001" /><testcase classname="tests.unit.test_infra.test_ai.test_agents.test_tools.TestBaseTool" name="test_tool_requires_description" time="0.000" /><testcase classname="tests.unit.test_infra.test_ai.test_agents.test_tools.TestBaseTool" name="test_tool_definition_generation" time="0.002" /><testcase classname="tests.unit.test_features.test_realtime.test_router.TestWebSocketEndpoint" name="test_websocket_manager_not_initialized" time="0.005" /><testcase classname="tests.unit.test_infra.test_ai.test_observability.TestObservabilityIntegration" name="test_all_components_importable" time="0.000" /><testcase classname="tests.unit.test_core.test_search.TestRankNormalization" name="test_none_is_zero" time="0.000" /><testcase classname="tests.unit.test_infra.test_ai.test_agents.test_base.TestBaseAgent" name="test_agent_state_property" time="0.001" /><testcase classname="tests.unit.test_core.test_search.TestSearchQueryParser" name="test_parse_simple_query" time="0.001" /><testcase classname="tests.unit.test_infra.test_ai.test_agents.test_tools.TestBaseTool" name="test_openai_format" time="0.001" /><testcase classname="tests.unit.test_infra.test_ai.test_observability.TestObservabilityIntegration" name="test_singleton_getters" time="0.001" /><testcase classname="tests.unit.test_middleware.test_rate_limit_middleware" name="test_fail_open_when_limiter_errors" time="0.003" /><testcase classname="tests.unit.test_core.test_search.TestSearchQueryParser" name="test_parse_quoted_phrase" time="0.000" /><testcase classname="tests.unit.test_infra.test_ai.test_agents.test_base.TestBaseAgent" name="test_agent_execute_tool" time="0.004" /><testcase classname="tests.unit.test_core.test_search.TestSearchQueryParser" name="test_parse_field_term" time="0.001" /><testcase classname="tests.unit.test_infra.test_cache.test_decorators.TestCacheIntegration" name="test_invalidate_pattern_clears_related_caches" time="0.005" /><testcase classname="tests.unit.test_infra.test_ai.test_agents.test_tools.TestBaseTool" name="test_anthropic_format" time="0.001" /><testcase classname="tests.unit.test_core.test_search.TestSearchQueryParser" name="test_parse_field_phrase" time="0.001" /><testcase classname="tests.unit.test_middleware.test_rate_limit_middleware" name="test_default_key_function_uses_forwarded_header" time="0.003" /><testcase classname="tests.unit.test_features.test_realtime.test_router.TestWebSocketEndpoint" name="test_websocket_connection_refused" time="0.008" /><testcase classname="tests.unit.test_core.test_search.TestSearchQueryParser" name="test_parse_exclusion" time="0.001" /><testcase classname="tests.unit.test_infra.test_ai.test_agents.test_base.TestBaseAgent" name="test_agent_execute_missing_tool" time="0.001" /><testcase classname="tests.unit.test_infra.test_ai.test_orchestrator.TestBasicExecution" name="test_execute_returns_result" time="0.008" /><testcase classname="tests.unit.test_core.test_search.TestSearchQueryParser" name="test_parse_prefix" time="0.001" /><testcase classname="tests.unit.test_infra.test_ai.test_agents.test_tools.TestBaseTool" name="test_tool_validate_input" time="0.005" /><testcase classname="tests.unit.test_middleware.test_rate_limit_middleware" name="test_middleware_skips_when_disabled" time="0.002" /><testcase classname="tests.unit.test_infra.test_cache.test_decorators.TestCacheIntegration" name="test_conditional_caching_with_empty_results" time="0.004" /><testcase classname="tests.unit.test_core.test_search.TestSearchQueryParser" name="test_parse_fuzzy" time="0.001" /><testcase classname="tests.unit.test_infra.test_ai.test_agents.test_base.TestBaseAgent" name="test_agent_cancel" time="0.001" /><testcase classname="tests.unit.test_core.test_search.TestSearchQueryParser" name="test_empty_query" time="0.001" /><testcase classname="tests.unit.test_infra.test_ai.test_agents.test_tools.TestBaseTool" name="test_tool_callable" time="0.001" /><testcase classname="tests.unit.test_infra.test_ai.test_agents.test_base.TestBaseAgent" name="test_simple_agent_execute" time="0.001" /><testcase classname="tests.unit.test_middleware.test_rate_limit_middleware" name="test_middleware_skips_exempt_paths" time="0.002" /><testcase classname="tests.unit.test_core.test_search.TestSearchQueryParser" name="test_has_fts_query_true" time="0.000" /><testcase classname="tests.unit.test_core.test_search.TestSearchQueryParser" name="test_has_field_filters" time="0.000" /><testcase classname="tests.unit.test_features.test_realtime.test_router.TestGetStats" name="test_get_stats_success" time="0.008" /><testcase classname="tests.unit.test_infra.test_ai.test_agents.test_tools.TestFunctionTool" name="test_tool_decorator" time="0.002" /><testcase classname="tests.unit.test_middleware.test_request_id.TestRequestIDMiddleware" name="test_generates_request_id_when_not_provided" time="0.004" /><testcase classname="tests.unit.test_core.test_search.TestSearchQueryParser" name="test_has_exclusions" time="0.000" /><testcase classname="tests.unit.test_core.test_search.TestQueryRewriter" name="test_expand_synonyms" time="0.000" /><testcase classname="tests.unit.test_infra.test_ai.test_agents.test_base.TestAgentToolExecution" name="test_execute_tools_formats_results" time="0.002" /><testcase classname="tests.unit.test_app.test_exception_handlers" name="test_not_found_error_handler" time="0.002" /><testcase classname="tests.unit.test_core.test_search.TestQueryRewriter" name="test_remove_stop_words" time="0.000" /><testcase classname="tests.unit.test_infra.test_cache.test_decorators.TestCacheIntegration" name="test_skip_cache_forces_fresh_data" time="0.007" /><testcase classname="tests.unit.test_infra.test_ai.test_agents.test_tools.TestFunctionTool" name="test_tool_decorator_default_name" time="0.002" /><testcase classname="tests.unit.test_infra.test_ai.test_agents.test_base.TestAgentToolExecution" name="test_execute_tools_handles_errors" time="0.002" /><testcase classname="tests.unit.test_infra.test_ai.test_orchestrator.TestBasicExecution" name="test_execute_calls_saga_coordinator" time="0.007" /><testcase classname="tests.unit.test_core.test_search.TestQueryRewriter" name="test_normalize_whitespace" time="0.000" /><testcase classname="tests.unit.test_app.test_exception_handlers" name="test_pydantic_validation_exception_handler" time="0.004" /><testcase classname="tests.unit.test_infra.test_ai.test_agents.test_tools.TestFunctionTool" name="test_tool_decorator_returns_toolresult" time="0.002" /><testcase classname="tests.unit.test_infra.test_ai.test_agents.test_memory.TestMemoryMessage" name="test_create_basic_message" time="0.001" /><testcase classname="tests.unit.test_core.test_search.TestQueryRewriter" name="test_min_word_length" time="0.001" /><testcase classname="tests.unit.test_core.test_search.TestSearchableMixin" name="test_build_search_vector_sql" time="0.001" /><testcase classname="tests.unit.test_middleware.test_request_id.TestRequestIDMiddleware" name="test_preserves_existing_request_id" time="0.005" /><testcase classname="tests.unit.test_infra.test_cache.test_decorators.TestCacheEdgeCases" name="test_cache_key_with_empty_args" time="0.003" /><testcase classname="tests.unit.test_infra.test_ai.test_agents.test_memory.TestMemoryMessage" name="test_message_to_dict" time="0.000" /><testcase classname="tests.unit.test_infra.test_ai.test_agents.test_memory.TestMemoryMessage" name="test_message_to_dict_with_tool_calls" time="0.001" /><testcase classname="tests.unit.test_infra.test_ai.test_agents.test_tools.TestFunctionTool" name="test_tool_decorator_handles_exceptions" time="0.002" /><testcase classname="tests.unit.test_app.test_lifespan" name="test_lifespan_runs_with_all_dependencies_disabled" time="0.002"><failure message="AttributeError: 'NoneType' object at example_service.infra.messaging.broker has no attribute 'start_broker'">.venv/lib/python3.13/site-packages/_pytest/monkeypatch.py:92: in annotated_getattr
    obj = getattr(obj, name)
          ^^^^^^^^^^^^^^^^^^
E   AttributeError: 'NoneType' object has no attribute 'start_broker'

The above exception was the direct cause of the following exception:
tests/unit/test_app/test_lifespan.py:79: in test_lifespan_runs_with_all_dependencies_disabled
    _patch_common_dependencies(monkeypatch)
tests/unit/test_app/test_lifespan.py:394: in _patch_common_dependencies
    monkeypatch.setattr(
.venv/lib/python3.13/site-packages/_pytest/monkeypatch.py:106: in derive_importpath
    annotated_getattr(target, attr, ann=module)
.venv/lib/python3.13/site-packages/_pytest/monkeypatch.py:94: in annotated_getattr
    raise AttributeError(
E   AttributeError: 'NoneType' object at example_service.infra.messaging.broker has no attribute 'start_broker'</failure></testcase><testcase classname="tests.unit.test_features.test_realtime.test_router.TestGetStats" name="test_get_stats_manager_not_initialized" time="0.007" /><testcase classname="tests.unit.test_core.test_search.TestSearchableMixin" name="test_build_search_vector_sql_with_prefix" time="0.001" /><testcase classname="tests.unit.test_core.test_search.TestSearchableMixin" name="test_get_search_trigger_sql" time="0.001" /><testcase classname="tests.unit.test_infra.test_ai.test_agents.test_memory.TestMemoryMessage" name="test_message_from_dict" time="0.000" /><testcase classname="tests.unit.test_infra.test_ai.test_agents.test_tools.TestToolRegistry" name="test_register_tool" time="0.001" /><testcase classname="tests.unit.test_features.test_tasks.test_router" name="test_get_task_stats_with_hours" time="0.027" /><testcase classname="tests.unit.test_infra.test_ai.test_orchestrator.TestBasicExecution" name="test_execute_without_tenant" time="0.007" /><testcase classname="tests.unit.test_infra.test_ai.test_agents.test_memory.TestMemoryMessage" name="test_message_hash" time="0.000" /><testcase classname="tests.unit.test_infra.test_ai.test_agents.test_memory.TestBufferMemory" name="test_add_message" time="0.000" /><testcase classname="tests.unit.test_infra.test_ai.test_agents.test_tools.TestToolRegistry" name="test_register_duplicate_raises" time="0.001" /><testcase classname="tests.unit.test_core.test_search.TestSearchableMixin" name="test_get_backfill_sql" time="0.001" /><testcase classname="tests.unit.test_core.test_search.TestSearchableMixin" name="test_get_drop_trigger_sql" time="0.001" /><testcase classname="tests.unit.test_middleware.test_request_id.TestRequestIDMiddleware" name="test_request_id_in_response_header" time="0.004" /><testcase classname="tests.unit.test_core.test_search.TestSearchableMixin" name="test_empty_search_fields" time="0.001" /><testcase classname="tests.unit.test_infra.test_ai.test_agents.test_memory.TestBufferMemory" name="test_add_message_object" time="0.000" /><testcase classname="tests.unit.test_infra.test_ai.test_agents.test_memory.TestBufferMemory" name="test_max_messages_limit" time="0.000" /><testcase classname="tests.unit.test_infra.test_ai.test_agents.test_tools.TestToolRegistry" name="test_get_tool" time="0.001" /><testcase classname="tests.unit.test_core.test_search.TestSearchableMixin" name="test_get_field_config" time="0.001" /><testcase classname="tests.unit.test_infra.test_cache.test_decorators.TestCacheEdgeCases" name="test_cached_with_no_args_function" time="0.006" /><testcase classname="tests.unit.test_infra.test_ai.test_agents.test_memory.TestBufferMemory" name="test_add_messages_batch" time="0.000" /><testcase classname="tests.unit.test_core.test_search.TestSearchableMixin" name="test_get_field_weight" time="0.001" /><testcase classname="tests.unit.test_infra.test_ai.test_agents.test_memory.TestBufferMemory" name="test_get_messages" time="0.000" /><testcase classname="tests.unit.test_infra.test_ai.test_agents.test_tools.TestToolRegistry" name="test_get_required_tool" time="0.001" /><testcase classname="tests.unit.test_features.test_realtime.test_router.TestBroadcast" name="test_broadcast_success" time="0.007" /><testcase classname="tests.unit.test_infra.test_ai.test_agents.test_tools.TestToolRegistry" name="test_unregister_tool" time="0.001" /><testcase classname="tests.unit.test_infra.test_ai.test_orchestrator.TestBudgetIntegration" name="test_execute_checks_budget" time="0.008" /><testcase classname="tests.unit.test_middleware.test_request_id.TestRequestIDMiddleware" name="test_sets_logging_context" time="0.005" /><testcase classname="tests.unit.test_core.test_search.TestMultiLanguageSearchMixin" name="test_get_search_trigger_sql_multilang" time="0.001" /><testcase classname="tests.unit.test_core.test_search.TestFTSMigrationHelper" name="test_default_names" time="0.001" /><testcase classname="tests.unit.test_infra.test_ai.test_agents.test_tools.TestToolRegistry" name="test_list_tools" time="0.001" /><testcase classname="tests.unit.test_infra.test_ai.test_agents.test_memory.TestBufferMemory" name="test_get_memory_messages" time="0.000" /><testcase classname="tests.unit.test_infra.test_ai.test_agents.test_memory.TestBufferMemory" name="test_clear" time="0.000" /><testcase classname="tests.unit.test_infra.test_ai.test_agents.test_memory.TestBufferMemory" name="test_token_tracking" time="0.000" /><testcase classname="tests.unit.test_core.test_search.TestFTSMigrationHelper" name="test_custom_names" time="0.001" /><testcase classname="tests.unit.test_infra.test_ai.test_agents.test_memory.TestBufferMemory" name="test_serialize_deserialize" time="0.001" /><testcase classname="tests.unit.test_infra.test_ai.test_agents.test_memory.TestWindowMemory" name="test_sliding_window" time="0.001" /><testcase classname="tests.unit.test_infra.test_cache.test_decorators.TestCacheEdgeCases" name="test_invalidate_cache_with_no_suffix" time="0.004" /><testcase classname="tests.unit.test_core.test_search.TestFTSMigrationHelper" name="test_get_trigger_function_sql" time="0.001" /><testcase classname="tests.unit.test_core.test_search.TestFTSMigrationHelper" name="test_get_backfill_sql" time="0.001" /><testcase classname="tests.unit.test_middleware.test_request_id.TestRequestIDMiddleware" name="test_clears_logging_context_after_request" time="0.005" /><testcase classname="tests.unit.test_infra.test_cache.test_decorators.TestCacheEdgeCases" name="test_cached_decorator_with_exception" time="0.004" /><testcase classname="tests.unit.test_infra.test_ai.test_agents.test_memory.TestWindowMemory" name="test_keep_system_messages" time="0.000" /><testcase classname="tests.unit.test_core.test_search.TestTrigramMigrationHelper" name="test_default_index_name" time="0.001" /><testcase classname="tests.unit.test_infra.test_ai.test_agents.test_tools.TestToolRegistry" name="test_list_by_tag" time="0.001" /><testcase classname="tests.unit.test_infra.test_ai.test_agents.test_tools.TestToolRegistry" name="test_get_definitions" time="0.001" /><testcase classname="tests.unit.test_infra.test_ai.test_agents.test_tools.TestToolRegistry" name="test_get_openai_tools" time="0.001" /><testcase classname="tests.unit.test_features.test_realtime.test_router.TestBroadcast" name="test_broadcast_manager_not_initialized" time="0.008" /><testcase classname="tests.unit.test_infra.test_ai.test_agents.test_memory.TestWindowMemory" name="test_no_duplicate_system_messages" time="0.000" /><testcase classname="tests.unit.test_core.test_search.TestTrigramMigrationHelper" name="test_get_index_sql" time="0.001" /><testcase classname="tests.unit.test_infra.test_ai.test_agents.test_tools.TestToolRegistry" name="test_get_anthropic_tools" time="0.001" /><testcase classname="tests.unit.test_core.test_search.TestUnaccentMigrationHelper" name="test_get_config_sql" time="0.001" /><testcase classname="tests.unit.test_infra.test_ai.test_agents.test_memory.TestWindowMemory" name="test_clear_conversation" time="0.000" /><testcase classname="tests.unit.test_infra.test_ai.test_agents.test_memory.TestWindowMemory" name="test_serialize_deserialize" time="0.000" /><testcase classname="tests.unit.test_infra.test_ai.test_agents.test_memory.TestSummaryMemory" name="test_recent_messages" time="0.000" /><testcase classname="tests.unit.test_infra.test_cache.test_decorators.TestCacheEdgeCases" name="test_cache_key_with_nested_dict" time="0.001" /><testcase classname="tests.unit.test_core.test_search.TestGenerateSearchVectorSQL" name="test_basic_generation" time="0.001" /><testcase classname="tests.unit.test_infra.test_ai.test_agents.test_tools.TestToolRegistry" name="test_global_registry" time="0.001" /><testcase classname="tests.unit.test_infra.test_ai.test_agents.test_memory.TestSummaryMemory" name="test_overflow_to_pending" time="0.001" /><testcase classname="tests.unit.test_infra.test_ai.test_orchestrator.TestBudgetIntegration" name="test_execute_skips_budget_when_no_tenant" time="0.010" /><testcase classname="tests.unit.test_infra.test_ai.test_agents.test_tools.TestToolRegistry" name="test_clear_registry" time="0.001" /><testcase classname="tests.unit.test_middleware.test_request_id.TestRequestIDMiddleware" name="test_clears_context_on_error" time="0.003" /><testcase classname="tests.unit.test_infra.test_ai.test_agents.test_memory.TestSummaryMemory" name="test_set_summary" time="0.000" /><testcase classname="tests.unit.test_infra.test_cache.test_decorators.TestCacheEdgeCases" name="test_tags_with_multiple_values" time="0.005" /><testcase classname="tests.unit.test_infra.test_ai.test_agents.test_memory.TestSummaryMemory" name="test_system_messages_preserved" time="0.000" /><testcase classname="tests.unit.test_infra.test_ai.test_agents.test_memory.TestSummaryMemory" name="test_summarize_pending" time="0.002" /><testcase classname="tests.unit.test_middleware.test_request_id.TestRequestIDMiddleware" name="test_request_id_available_in_scope_state" time="0.003" /><testcase classname="tests.unit.test_infra.test_ai.test_agents.test_memory.TestSummaryMemory" name="test_serialize_deserialize" time="0.001" /><testcase classname="tests.unit.test_core.test_search.TestGenerateSearchVectorSQL" name="test_with_prefix" time="0.001" /><testcase classname="tests.unit.test_core.test_search.TestGenerateSearchVectorSQL" name="test_empty_fields" time="0.001" /><testcase classname="tests.unit.test_core.test_services" name="test_health_service_check_health" time="0.240" /><testcase classname="tests.unit.test_middleware.test_request_id.TestRequestIDMiddleware" name="test_handles_non_http_scope" time="0.002" /><testcase classname="tests.unit.test_infra.test_ai.test_agents.test_workflows.TestNodeStatus" name="test_status_values" time="0.001" /><testcase classname="tests.unit.test_infra.test_ai.test_agents.test_workflows.TestWorkflowStatus" name="test_status_values" time="0.000" /><testcase classname="tests.unit.test_infra.test_ai.test_agents.test_workflows.TestHumanApprovalRequest" name="test_create_request" time="0.001" /><testcase classname="tests.unit.test_features.test_realtime.test_router.TestBroadcast" name="test_broadcast_invalid_request" time="0.007" /><testcase classname="tests.unit.test_infra.test_ai.test_agents.test_workflows.TestHumanApprovalRequest" name="test_default_options" time="0.001" /><testcase classname="tests.unit.test_infra.test_ai.test_agents.test_memory.TestConversationMemory" name="test_short_term_buffer" time="0.001" /><testcase classname="tests.unit.test_middleware.test_request_id.TestRequestIDMiddleware" name="test_handles_missing_headers" time="0.002" /><testcase classname="tests.unit.test_infra.test_circuit_breaker.TestCircuitBreakerInitialization" name="test_initialization_with_defaults" time="0.002" /><testcase classname="tests.unit.test_infra.test_ai.test_agents.test_workflows.TestNodeResult" name="test_successful_result" time="0.001" /><testcase classname="tests.unit.test_infra.test_ai.test_agents.test_workflows.TestNodeResult" name="test_failed_result" time="0.000" /><testcase classname="tests.unit.test_infra.test_ai.test_agents.test_memory.TestConversationMemory" name="test_overflow_to_long_term" time="0.001" /><testcase classname="tests.unit.test_features.test_realtime.test_router.TestWebSocketMessageHandling" name="test_handle_ping_message" time="0.002" /><testcase classname="tests.unit.test_features.test_realtime.test_router.TestWebSocketMessageHandling" name="test_handle_subscribe_message" time="0.002" /><testcase classname="tests.unit.test_infra.test_circuit_breaker.TestCircuitBreakerInitialization" name="test_initialization_with_custom_values" time="0.002" /><testcase classname="tests.unit.test_infra.test_ai.test_orchestrator.TestBudgetIntegration" name="test_execute_skips_budget_when_requested" time="0.012" /><testcase classname="tests.unit.test_infra.test_ai.test_agents.test_workflows.TestNodeResult" name="test_duration_calculation" time="0.001" /><testcase classname="tests.unit.test_middleware.test_request_id.TestRequestIDMiddleware" name="test_case_insensitive_header_handling" time="0.002" /><testcase classname="tests.unit.test_infra.test_ai.test_agents.test_memory.TestConversationMemory" name="test_combined_messages" time="0.001" /><testcase classname="tests.unit.test_infra.test_ai.test_agents.test_memory.TestConversationMemory" name="test_clear_short_term_only" time="0.001" /><testcase classname="tests.unit.test_infra.test_ai.test_agents.test_workflows.TestNodeResult" name="test_duration_without_times" time="0.001" /><testcase classname="tests.unit.test_infra.test_ai.test_agents.test_memory.TestConversationMemory" name="test_serialize_deserialize" time="0.001" /><testcase classname="tests.unit.test_middleware.test_request_id.TestRequestIDMiddleware" name="test_multiple_requests_have_different_ids" time="0.003" /><testcase classname="tests.unit.test_features.test_tasks.test_router" name="test_get_task_details_found" time="0.033" /><testcase classname="tests.unit.test_infra.test_circuit_breaker.TestCircuitBreakerInitialization" name="test_initialization_validates_thresholds" time="0.002" /><testcase classname="tests.unit.test_infra.test_ai.test_agents.test_workflows.TestWorkflowState" name="test_create_state" time="0.001" /><testcase classname="tests.unit.test_features.test_realtime.test_router.TestWebSocketMessageHandling" name="test_handle_unsubscribe_message" time="0.003" /><testcase classname="tests.unit.test_infra.test_ai.test_agents.test_memory.TestCreateMemory" name="test_create_buffer_memory" time="0.001" /><testcase classname="tests.unit.test_infra.test_circuit_breaker.TestCircuitBreakerStateProperties" name="test_is_closed_property" time="0.002" /><testcase classname="tests.unit.test_middleware.test_request_id.TestRequestIDMiddleware" name="test_performance_with_pure_asgi" time="0.046" /><testcase classname="tests.unit.test_features.test_realtime.test_router.TestWebSocketMessageHandling" name="test_handle_message_forwarding" time="0.002" /><testcase classname="tests.unit.test_infra.test_ai.test_agents.test_memory.TestCreateMemory" name="test_create_window_memory" time="0.001" /><testcase classname="tests.unit.test_infra.test_ai.test_agents.test_memory.TestCreateMemory" name="test_create_summary_memory" time="0.001" /><testcase classname="tests.unit.test_infra.test_ai.test_agents.test_workflows.TestWorkflowState" name="test_state_serialization" time="0.001" /><testcase classname="tests.unit.test_infra.test_ai.test_agents.test_memory.TestCreateMemory" name="test_create_conversation_memory" time="0.001" /><testcase classname="tests.unit.test_infra.test_tracking.test_postgres_tracker" name="test_get_stats_aggregates_queries" time="0.004" /><testcase classname="tests.unit.test_infra.test_ai.test_agents.test_workflows.TestFunctionNode" name="test_execute_success" time="0.001" /><testcase classname="tests.unit.test_infra.test_ai.test_agents.test_workflows.TestFunctionNode" name="test_execute_failure" time="0.001" /><testcase classname="tests.unit.test_features.test_realtime.test_router.TestWebSocketMessageHandling" name="test_handle_invalid_json" time="0.002" /><testcase classname="tests.unit.test_infra.test_ai.test_agents.test_memory.TestCreateMemory" name="test_invalid_memory_type" time="0.001" /><testcase classname="tests.unit.test_infra.test_circuit_breaker.TestCircuitBreakerStateProperties" name="test_is_open_property" time="0.003" /><testcase classname="tests.unit.test_infra.test_ai.test_agents.test_state_store.TestStateKey" name="test_create_state_key" time="0.001" /><testcase classname="tests.unit.test_infra.test_ai.test_orchestrator.TestBudgetIntegration" name="test_execute_raises_on_budget_exceeded" time="0.010" /><testcase classname="tests.unit.test_infra.test_ai.test_agents.test_workflows.TestFunctionNode" name="test_execute_with_retry" time="0.002" /><testcase classname="tests.unit.test_features.test_realtime.test_router.TestWebSocketMessageHandling" name="test_handle_unknown_message_type" time="0.002" /><testcase classname="tests.unit.test_infra.test_tracking.test_postgres_tracker" name="test_cancel_task_behaviour" time="0.003" /><testcase classname="tests.unit.test_infra.test_ai.test_agents.test_state_store.TestStateKey" name="test_state_key_str" time="0.001" /><testcase classname="tests.unit.test_infra.test_ai.test_agents.test_state_store.TestStateKey" name="test_state_key_to_redis_key" time="0.001" /><testcase classname="tests.unit.test_infra.test_circuit_breaker.TestCircuitBreakerStateProperties" name="test_is_half_open_property" time="0.003" /><testcase classname="tests.unit.test_features.test_realtime.test_router.TestWebSocketMessageHandling" name="test_handle_message_exception" time="0.004" /><testcase classname="tests.unit.test_infra.test_ai.test_agents.test_state_store.TestStateKey" name="test_state_key_to_dict" time="0.001" /><testcase classname="tests.unit.test_infra.test_ai.test_agents.test_workflows.TestHumanApprovalNode" name="test_execute_creates_request" time="0.002" /><testcase classname="tests.unit.test_infra.test_ai.test_agents.test_state_store.TestStateKey" name="test_state_key_from_dict" time="0.001" /><testcase classname="tests.unit.test_infra.test_tracking.test_redis_tracker" name="test_connect_and_disconnect" time="0.002" /><testcase classname="tests.unit.test_infra.test_ai.test_agents.test_state_store.TestStateKey" name="test_state_key_from_string" time="0.001" /><testcase classname="tests.unit.test_infra.test_ai.test_agents.test_state_store.TestStateKey" name="test_state_key_from_string_default_version" time="0.001" /><testcase classname="tests.unit.test_infra.test_ai.test_agents.test_workflows.TestHumanApprovalNode" name="test_approval_handler_called" time="0.003" /><testcase classname="tests.unit.test_features.test_email.test_service.TestGetConfig" name="test_get_config_not_found" time="0.005" /><testcase classname="tests.unit.test_infra.test_tracking.test_redis_tracker" name="test_on_task_start_records_execution" time="0.002" /><testcase classname="tests.unit.test_infra.test_tracking.test_redis_tracker" name="test_on_task_finish_updates_status_and_indices" time="0.002" /><testcase classname="tests.unit.test_infra.test_circuit_breaker.TestCircuitBreakerStateTransitions" name="test_closed_to_open_on_failures" time="0.004" /><testcase classname="tests.unit.test_infra.test_circuit_breaker.TestCircuitBreakerStateTransitions" name="test_open_to_half_open_after_timeout" time="0.002" /><testcase classname="tests.unit.test_infra.test_ai.test_agents.test_workflows.TestConditionalNode" name="test_execute_routes_correctly" time="0.002" /><testcase classname="tests.unit.test_infra.test_ai.test_orchestrator.TestBudgetIntegration" name="test_execute_tracks_spend_after_success" time="0.008" /><testcase classname="tests.unit.test_infra.test_ai.test_agents.test_state_store.TestStateKey" name="test_state_key_from_string_invalid" time="0.001" /><testcase classname="tests.unit.test_infra.test_ai.test_agents.test_state_store.TestStateEntry" name="test_create_entry" time="0.001" /><testcase classname="tests.unit.test_features.test_reminders.test_recurrence.TestRecurrenceRule" name="test_simple_daily_rule" time="0.001" /><testcase classname="tests.unit.test_features.test_reminders.test_recurrence.TestRecurrenceRule" name="test_weekly_with_interval" time="0.001" /><testcase classname="tests.unit.test_features.test_reminders.test_recurrence.TestRecurrenceRule" name="test_weekly_with_weekdays" time="0.001" /><testcase classname="tests.unit.test_infra.test_tracking.test_redis_tracker" name="test_get_running_tasks_reports_elapsed" time="0.002" /><testcase classname="tests.unit.test_infra.test_ai.test_agents.test_workflows.TestConditionalNode" name="test_execute_with_async_condition" time="0.001" /><testcase classname="tests.unit.test_infra.test_circuit_breaker.TestCircuitBreakerStateTransitions" name="test_half_open_to_closed_on_successes" time="0.002" /><testcase classname="tests.unit.test_features.test_email.test_service.TestGetConfig" name="test_get_config_or_raise_found" time="0.004" /><testcase classname="tests.unit.test_infra.test_ai.test_agents.test_state_store.TestStateEntry" name="test_entry_not_expired" time="0.001" /><testcase classname="tests.unit.test_infra.test_ai.test_agents.test_state_store.TestStateEntry" name="test_entry_expired" time="0.001" /><testcase classname="tests.unit.test_features.test_reminders.test_recurrence.TestRecurrenceRule" name="test_monthly_with_day" time="0.001" /><testcase classname="tests.unit.test_infra.test_ai.test_agents.test_workflows.TestConditionalNode" name="test_execute_uses_default_branch" time="0.003" /><testcase classname="tests.unit.test_infra.test_ai.test_agents.test_state_store.TestStateEntry" name="test_entry_not_yet_expired" time="0.001" /><testcase classname="tests.unit.test_infra.test_ai.test_orchestrator.TestMetricsIntegration" name="test_execute_records_pipeline_started" time="0.006" /><testcase classname="tests.unit.test_infra.test_ai.test_agents.test_state_store.TestStateEntry" name="test_entry_to_dict" time="0.001" /><testcase classname="tests.unit.test_features.test_email.test_service.TestGetConfig" name="test_get_config_or_raise_not_found" time="0.004" /><testcase classname="tests.unit.test_features.test_tasks.test_router" name="test_get_task_details_not_found" time="0.032" /><testcase classname="tests.unit.test_infra.test_circuit_breaker.TestCircuitBreakerStateTransitions" name="test_half_open_to_open_on_failure" time="0.005" /><testcase classname="tests.unit.test_infra.test_ai.test_agents.test_state_store.TestStateEntry" name="test_entry_from_dict" time="0.001" /><testcase classname="tests.unit.test_features.test_reminders.test_recurrence.TestRecurrenceRule" name="test_rule_with_count" time="0.001" /><testcase classname="tests.unit.test_features.test_reminders.test_recurrence.TestRecurrenceRule" name="test_rule_with_until" time="0.001" /><testcase classname="tests.unit.test_features.test_reminders.test_recurrence.TestRecurrenceRule" name="test_from_rrule_string_simple" time="0.001" /><testcase classname="tests.unit.test_features.test_reminders.test_recurrence.TestRecurrenceRule" name="test_from_rrule_string_complex" time="0.001" /><testcase classname="tests.unit.test_infra.test_circuit_breaker.TestCircuitBreakerCallProtection" name="test_call_succeeds_when_closed" time="0.002" /><testcase classname="tests.unit.test_infra.test_ai.test_agents.test_workflows.TestParallelNode" name="test_execute_parallel_branches" time="0.002" /><testcase classname="tests.unit.test_infra.test_tracking.test_redis_tracker" name="test_get_task_history_filters_and_paginates" time="0.008" /><testcase classname="tests.unit.test_infra.test_ai.test_orchestrator.TestMetricsIntegration" name="test_execute_records_pipeline_completed" time="0.010" /><testcase classname="tests.unit.test_infra.test_ai.test_agents.test_workflows.TestParallelNode" name="test_missing_branch_fails" time="0.002" /><testcase classname="tests.unit.test_features.test_email.test_service.TestCreateOrUpdateConfig" name="test_create_new_config" time="0.005" /><testcase classname="tests.unit.test_infra.test_ai.test_agents.test_state_store.TestInMemoryStateStore" name="test_set_and_get" time="0.002" /><testcase classname="tests.unit.test_infra.test_circuit_breaker.TestCircuitBreakerCallProtection" name="test_call_raises_circuit_open_error_when_open" time="0.002" /><testcase classname="tests.unit.test_infra.test_ai.test_agents.test_state_store.TestInMemoryStateStore" name="test_get_missing_key" time="0.002" /><testcase classname="tests.unit.test_infra.test_tracking.test_redis_tracker" name="test_get_task_details_parses_fields" time="0.004" /><testcase classname="tests.unit.test_infra.test_circuit_breaker.TestCircuitBreakerCallProtection" name="test_call_records_failures" time="0.002" /><testcase classname="tests.unit.test_infra.test_ai.test_agents.test_workflows.TestWorkflow" name="test_run_simple_workflow" time="0.002" /><testcase classname="tests.unit.test_features.test_reminders.test_recurrence.TestRecurrenceRule" name="test_roundtrip" time="0.001" /><testcase classname="tests.unit.test_infra.test_ai.test_agents.test_state_store.TestInMemoryStateStore" name="test_set_with_ttl" time="0.002" /><testcase classname="tests.unit.test_infra.test_circuit_breaker.TestCircuitBreakerCallProtection" name="test_call_resets_failure_count_on_success" time="0.001" /><testcase classname="tests.unit.test_features.test_reminders.test_recurrence.TestGenerateOccurrences" name="test_daily_occurrences" time="0.002" /><testcase classname="tests.unit.test_infra.test_ai.test_agents.test_workflows.TestWorkflow" name="test_run_workflow_failure" time="0.002" /><testcase classname="tests.unit.test_infra.test_ai.test_agents.test_state_store.TestInMemoryStateStore" name="test_expired_value_not_returned" time="0.001" /><testcase classname="tests.unit.test_infra.test_tracking.test_redis_tracker" name="test_get_stats_aggregates_counts" time="0.004" /><testcase classname="tests.unit.test_features.test_email.test_service.TestCreateOrUpdateConfig" name="test_update_existing_config" time="0.009" /><testcase classname="tests.unit.test_infra.test_ai.test_agents.test_state_store.TestInMemoryStateStore" name="test_delete" time="0.001" /><testcase classname="tests.unit.test_infra.test_circuit_breaker.TestCircuitBreakerCallProtection" name="test_call_with_unexpected_exception" time="0.001" /><testcase classname="tests.unit.test_infra.test_circuit_breaker.TestCircuitBreakerDecoratorPattern" name="test_protected_decorator_success" time="0.001" /><testcase classname="tests.unit.test_infra.test_ai.test_agents.test_workflows.TestWorkflow" name="test_run_workflow_with_conditional" time="0.002" /><testcase classname="tests.unit.test_features.test_reminders.test_recurrence.TestGenerateOccurrences" name="test_weekly_occurrences" time="0.003" /><testcase classname="tests.unit.test_features.test_reminders.test_recurrence.TestGenerateOccurrences" name="test_weekdays_occurrences" time="0.001" /><testcase classname="tests.unit.test_infra.test_ai.test_agents.test_state_store.TestInMemoryStateStore" name="test_delete_missing" time="0.001" /><testcase classname="tests.unit.test_infra.test_ai.test_agents.test_workflows.TestWorkflow" name="test_workflow_pauses_for_approval" time="0.003" /><testcase classname="tests.unit.test_features.test_reminders.test_recurrence.TestGenerateOccurrences" name="test_occurrences_with_after" time="0.001" /><testcase classname="tests.unit.test_infra.test_ai.test_agents.test_state_store.TestInMemoryStateStore" name="test_exists" time="0.001" /><testcase classname="tests.unit.test_infra.test_ai.test_orchestrator.TestMetricsIntegration" name="test_execute_records_pipeline_execution_metrics" time="0.014" /><testcase classname="tests.unit.test_infra.test_circuit_breaker.TestCircuitBreakerDecoratorPattern" name="test_protected_decorator_failure" time="0.003" /><testcase classname="tests.unit.test_infra.test_ai.test_agents.test_state_store.TestInMemoryStateStore" name="test_exists_expired" time="0.002" /><testcase classname="tests.unit.test_features.test_email.test_service.TestCreateOrUpdateConfig" name="test_create_config_validation_error" time="0.006" /><testcase classname="tests.unit.test_infra.test_tracking.test_redis_tracker" name="test_cancel_task_handles_status" time="0.002" /><testcase classname="tests.unit.test_features.test_reminders.test_recurrence.TestGenerateOccurrences" name="test_occurrences_with_before" time="0.001" /><testcase classname="tests.unit.test_infra.test_ai.test_agents.test_state_store.TestInMemoryStateStore" name="test_list_keys" time="0.002" /><testcase classname="tests.unit.test_infra.test_ai.test_agents.test_workflows.TestWorkflow" name="test_submit_approval_continues" time="0.003" /><testcase classname="tests.unit.test_infra.test_tracking.test_redis_tracker" name="test_returns_empty_when_not_connected" time="0.002" /><testcase classname="tests.unit.test_middleware.test_request_logging" name="test_masker_masks_common_pii_fields_and_strings" time="0.002" /><testcase classname="tests.unit.test_features.test_tasks.test_router" name="test_trigger_task_success" time="0.026" /><testcase classname="tests.unit.test_infra.test_ai.test_agents.test_workflows.TestWorkflow" name="test_submit_rejection_fails" time="0.002" /><testcase classname="tests.unit.test_features.test_reminders.test_recurrence.TestGenerateOccurrences" name="test_biweekly_occurrences" time="0.001" /><testcase classname="tests.unit.test_infra.test_circuit_breaker.TestCircuitBreakerDecoratorPattern" name="test_protected_decorator_preserves_metadata" time="0.003" /><testcase classname="tests.unit.test_infra.test_ai.test_agents.test_state_store.TestInMemoryStateStore" name="test_clear_namespace" time="0.001" /><testcase classname="tests.unit.test_infra.test_ai.test_agents.test_state_store.TestInMemoryStateStore" name="test_get_or_set" time="0.001" /><testcase classname="tests.unit.test_messaging.test_tracing_utilities.TestTracedHandler" name="test_creates_span_with_correct_name" time="0.004" /><testcase classname="tests.unit.test_middleware.test_request_logging" name="test_masker_truncates_on_max_depth_and_custom_pattern" time="0.001" /><testcase classname="tests.unit.test_middleware.test_request_logging" name="test_masker_masks_email_preserve_domain" time="0.001" /><testcase classname="tests.unit.test_middleware.test_request_logging" name="test_masker_masks_email_no_preserve_domain" time="0.001" /><testcase classname="tests.unit.test_infra.test_circuit_breaker.TestCircuitBreakerDecoratorPattern" name="test_call_decorator_alias" time="0.004" /><testcase classname="tests.unit.test_middleware.test_request_logging" name="test_masker_masks_phone_preserve_last_4" time="0.000" /><testcase classname="tests.unit.test_infra.test_ai.test_agents.test_state_store.TestInMemoryStateStore" name="test_get_or_set_async_factory" time="0.001" /><testcase classname="tests.unit.test_features.test_reminders.test_recurrence.TestGenerateOccurrences" name="test_exclude_start" time="0.001" /><testcase classname="tests.unit.test_features.test_email.test_service.TestUpdateConfig" name="test_update_config_success" time="0.006" /><testcase classname="tests.unit.test_infra.test_ai.test_agents.test_state_store.TestInMemoryStateStore" name="test_increment" time="0.001" /><testcase classname="tests.unit.test_infra.test_ai.test_agents.test_workflows.TestWorkflowBuilder" name="test_build_simple_workflow" time="0.001" /><testcase classname="tests.unit.test_infra.test_ai.test_agents.test_workflows.TestWorkflowBuilder" name="test_build_with_edges" time="0.001" /><testcase classname="tests.unit.test_infra.test_ai.test_agents.test_workflows.TestWorkflowBuilder" name="test_build_missing_entry_point" time="0.001" /><testcase classname="tests.unit.test_infra.test_ai.test_orchestrator.TestMetricsIntegration" name="test_execute_records_budget_exceeded_metric" time="0.010" /><testcase classname="tests.unit.test_infra.test_circuit_breaker.TestCircuitBreakerContextManager" name="test_context_manager_success" time="0.002" /><testcase classname="tests.unit.test_infra.test_ai.test_agents.test_workflows.TestWorkflowBuilder" name="test_build_invalid_entry_point" time="0.001" /><testcase classname="tests.unit.test_middleware.test_request_logging" name="test_masker_masks_credit_card" time="0.001" /><testcase classname="tests.unit.test_infra.test_ai.test_agents.test_state_store.TestInMemoryStateStore" name="test_clear_all" time="0.001" /><testcase classname="tests.unit.test_infra.test_ai.test_agents.test_workflows.TestWorkflowBuilder" name="test_build_invalid_edge" time="0.001" /><testcase classname="tests.unit.test_features.test_reminders.test_recurrence.TestGetNextOccurrence" name="test_next_daily" time="0.001" /><testcase classname="tests.unit.test_features.test_reminders.test_recurrence.TestGetNextOccurrence" name="test_next_weekly" time="0.001" /><testcase classname="tests.unit.test_features.test_reminders.test_recurrence.TestValidateRrule" name="test_valid_rrule" time="0.001" /><testcase classname="tests.unit.test_features.test_reminders.test_recurrence.TestValidateRrule" name="test_invalid_frequency" time="0.000" /><testcase classname="tests.unit.test_features.test_email.test_service.TestUpdateConfig" name="test_update_config_not_found" time="0.006" /><testcase classname="tests.unit.test_features.test_reminders.test_recurrence.TestValidateRrule" name="test_missing_freq" time="0.001" /><testcase classname="tests.unit.test_infra.test_circuit_breaker.TestCircuitBreakerContextManager" name="test_context_manager_failure" time="0.003" /><testcase classname="tests.unit.test_middleware.test_request_logging.TestRequestLoggingMiddleware" name="test_middleware_logs_request" time="0.012" /><testcase classname="tests.unit.test_infra.test_ai.test_agents.test_state_store.TestScopedStateStore" name="test_set_and_get" time="0.002" /><testcase classname="tests.unit.test_app.test_lifespan" name="test_lifespan_initializes_database_and_cache" time="0.002"><failure message="AttributeError: 'NoneType' object at example_service.infra.messaging.broker has no attribute 'start_broker'">.venv/lib/python3.13/site-packages/_pytest/monkeypatch.py:92: in annotated_getattr
    obj = getattr(obj, name)
          ^^^^^^^^^^^^^^^^^^
E   AttributeError: 'NoneType' object has no attribute 'start_broker'

The above exception was the direct cause of the following exception:
tests/unit/test_app/test_lifespan.py:111: in test_lifespan_initializes_database_and_cache
    _patch_common_dependencies(monkeypatch)
tests/unit/test_app/test_lifespan.py:394: in _patch_common_dependencies
    monkeypatch.setattr(
.venv/lib/python3.13/site-packages/_pytest/monkeypatch.py:106: in derive_importpath
    annotated_getattr(target, attr, ann=module)
.venv/lib/python3.13/site-packages/_pytest/monkeypatch.py:94: in annotated_getattr
    raise AttributeError(
E   AttributeError: 'NoneType' object at example_service.infra.messaging.broker has no attribute 'start_broker'</failure></testcase><testcase classname="tests.unit.test_infra.test_ai.test_orchestrator.TestTracingIntegration" name="test_execute_creates_pipeline_span" time="0.008" /><testcase classname="tests.unit.test_infra.test_ai.test_agents.test_state_store.TestScopedStateStore" name="test_uses_default_ttl" time="0.002" /><testcase classname="tests.unit.test_features.test_reminders.test_recurrence.TestDescribeRrule" name="test_describe_daily" time="0.001" /><testcase classname="tests.unit.test_features.test_reminders.test_recurrence.TestDescribeRrule" name="test_describe_weekly" time="0.000" /><testcase classname="tests.unit.test_features.test_reminders.test_recurrence.TestDescribeRrule" name="test_describe_weekly_with_days" time="0.001" /><testcase classname="tests.unit.test_features.test_reminders.test_recurrence.TestDescribeRrule" name="test_describe_with_interval" time="0.001" /><testcase classname="tests.unit.test_infra.test_ai.test_agents.test_workflows.TestConvenienceFunctions" name="test_human_approval_factory" time="0.001" /><testcase classname="tests.unit.test_infra.test_ai.test_agents.test_workflows.TestConvenienceFunctions" name="test_conditional_branch_factory" time="0.001" /><testcase classname="tests.unit.test_infra.test_ai.test_agents.test_workflows.TestConvenienceFunctions" name="test_parallel_branches_factory" time="0.001" /><testcase classname="tests.unit.test_features.test_email.test_service.TestDeleteConfig" name="test_delete_config_success" time="0.006" /><testcase classname="tests.unit.test_infra.test_ai.test_agents.test_state_store.TestScopedStateStore" name="test_custom_ttl_overrides_default" time="0.002" /><testcase classname="tests.unit.test_infra.test_circuit_breaker.TestCircuitBreakerContextManager" name="test_context_manager_raises_when_open" time="0.002" /><testcase classname="tests.unit.test_features.test_reminders.test_recurrence.TestDescribeRrule" name="test_describe_monthly" time="0.000" /><testcase classname="tests.unit.test_infra.test_ai.test_capability_registry.TestProviderRegistration" name="test_register_provider_adds_to_registry" time="0.001" /><testcase classname="tests.unit.test_infra.test_circuit_breaker.TestCircuitBreakerContextManager" name="test_context_manager_half_open_call_limit" time="0.002" /><testcase classname="tests.unit.test_infra.test_ai.test_capability_registry.TestProviderRegistration" name="test_register_provider_updates_capability_index" time="0.001" /><testcase classname="tests.unit.test_features.test_reminders.test_recurrence.TestDescribeRrule" name="test_describe_invalid" time="0.000" /><testcase classname="tests.unit.test_features.test_reminders.test_recurrence.TestPresets" name="test_daily_preset" time="0.000" /><testcase classname="tests.unit.test_infra.test_ai.test_agents.test_state_store.TestScopedStateStore" name="test_delete" time="0.001" /><testcase classname="tests.unit.test_infra.test_circuit_breaker.TestCircuitBreakerMetrics" name="test_get_metrics_initial_state" time="0.001" /><testcase classname="tests.unit.test_messaging.test_tracing_utilities.TestTracedHandler" name="test_sets_span_attributes_from_event" time="0.004" /><testcase classname="tests.unit.test_infra.test_ai.test_capability_registry.TestProviderRegistration" name="test_register_provider_with_factory" time="0.001" /><testcase classname="tests.unit.test_infra.test_ai.test_agents.test_state_store.TestScopedStateStore" name="test_exists" time="0.001" /><testcase classname="tests.unit.test_features.test_reminders.test_recurrence.TestPresets" name="test_weekly_preset" time="0.000" /><testcase classname="tests.unit.test_messaging.test_tracing_utilities.TestTracedHandler" name="test_records_success_status" time="0.003" /><testcase classname="tests.unit.test_messaging.test_tracing_utilities.TestTracedHandler" name="test_records_exception_on_failure" time="0.005" /><testcase classname="tests.unit.test_features.test_email.test_service.TestDeleteConfig" name="test_delete_config_not_found" time="0.006" /><testcase classname="tests.unit.test_infra.test_ai.test_capability_registry.TestProviderRegistration" name="test_register_duplicate_updates_existing" time="0.001" /><testcase classname="tests.unit.test_infra.test_ai.test_orchestrator.TestTracingIntegration" name="test_execute_records_success_on_span" time="0.008" /><testcase classname="tests.unit.test_messaging.test_tracing_utilities.TestTracedHandler" name="test_custom_handler_name" time="0.003" /><testcase classname="tests.unit.test_messaging.test_tracing_utilities.TestTracedHandler" name="test_handles_missing_event_fields" time="0.002" /><testcase classname="tests.unit.test_infra.test_circuit_breaker.TestCircuitBreakerMetrics" name="test_get_metrics_tracks_operations" time="0.004" /><testcase classname="tests.unit.test_infra.test_circuit_breaker.TestCircuitBreakerMetrics" name="test_get_metrics_failure_rate_calculation" time="0.003" /><testcase classname="tests.unit.test_infra.test_ai.test_agents.test_state_store.TestScopedStateStore" name="test_list_keys" time="0.001" /><testcase classname="tests.unit.test_infra.test_ai.test_agents.test_state_store.TestScopedStateStore" name="test_list_keys_with_pattern" time="0.002" /><testcase classname="tests.unit.test_infra.test_ai.test_capability_registry.TestProviderRegistration" name="test_unregister_provider_removes_from_registry" time="0.001" /><testcase classname="tests.unit.test_features.test_reminders.test_recurrence.TestPresets" name="test_weekdays_preset" time="0.001" /><testcase classname="tests.unit.test_infra.test_ai.test_capability_registry.TestProviderRegistration" name="test_unregister_nonexistent_returns_false" time="0.000" /><testcase classname="tests.unit.test_infra.test_ai.test_capability_registry.TestCapabilityDiscovery" name="test_get_providers_returns_sorted_by_priority" time="0.001" /><testcase classname="tests.unit.test_features.test_reminders.test_recurrence.TestPresets" name="test_biweekly_preset" time="0.001" /><testcase classname="tests.unit.test_features.test_reminders.test_recurrence.TestPresets" name="test_monthly_preset" time="0.001" /><testcase classname="tests.unit.test_features.test_email.test_service.TestTestConfig" name="test_test_config_success" time="0.009" /><testcase classname="tests.unit.test_infra.test_ai.test_agents.test_state_store.TestScopedStateStore" name="test_clear" time="0.005" /><testcase classname="tests.unit.test_messaging.test_tracing_utilities.TestTracedHandler" name="test_span_ends_even_on_exception" time="0.005" /><testcase classname="tests.unit.test_middleware.test_request_logging.TestRequestLoggingMiddleware" name="test_middleware_exempts_health_path" time="0.019" /><testcase classname="tests.unit.test_features.test_tasks.test_router" name="test_trigger_task_broker_unavailable" time="0.033" /><testcase classname="tests.unit.test_features.test_reminders.test_recurrence.TestPresets" name="test_yearly_preset" time="0.002" /><testcase classname="tests.unit.test_infra.test_ai.test_orchestrator.TestTracingIntegration" name="test_execute_records_failure_on_span" time="0.007" /><testcase classname="tests.unit.test_infra.test_ai.test_capability_registry.TestCapabilityDiscovery" name="test_get_providers_filters_by_quality_tier" time="0.004" /><testcase classname="tests.unit.test_app.test_lifespan" name="test_lifespan_starts_and_stops_service_discovery" time="0.003"><failure message="AttributeError: 'NoneType' object at example_service.infra.messaging.broker has no attribute 'start_broker'">.venv/lib/python3.13/site-packages/_pytest/monkeypatch.py:92: in annotated_getattr
    obj = getattr(obj, name)
          ^^^^^^^^^^^^^^^^^^
E   AttributeError: 'NoneType' object has no attribute 'start_broker'

The above exception was the direct cause of the following exception:
tests/unit/test_app/test_lifespan.py:176: in test_lifespan_starts_and_stops_service_discovery
    _patch_common_dependencies(
tests/unit/test_app/test_lifespan.py:394: in _patch_common_dependencies
    monkeypatch.setattr(
.venv/lib/python3.13/site-packages/_pytest/monkeypatch.py:106: in derive_importpath
    annotated_getattr(target, attr, ann=module)
.venv/lib/python3.13/site-packages/_pytest/monkeypatch.py:94: in annotated_getattr
    raise AttributeError(
E   AttributeError: 'NoneType' object at example_service.infra.messaging.broker has no attribute 'start_broker'</failure></testcase><testcase classname="tests.unit.test_infra.test_circuit_breaker.TestCircuitBreakerMetrics" name="test_get_stats_backward_compatibility" time="0.004" /><testcase classname="tests.unit.test_infra.test_ai.test_capability_registry.TestCapabilityDiscovery" name="test_get_providers_excludes_specified" time="0.001" /><testcase classname="tests.unit.test_messaging.test_tracing_utilities.TestTracedHandler" name="test_preserves_function_name_and_docstring" time="0.002" /><testcase classname="tests.unit.test_infra.test_ai.test_agents.test_state_store.TestScopedStateStore" name="test_versioned_keys" time="0.002" /><testcase classname="tests.unit.test_messaging.test_tracing_utilities.TestExtractEvent" name="test_extracts_from_first_positional_arg" time="0.001" /><testcase classname="tests.unit.test_infra.test_ai.test_capability_registry.TestCapabilityDiscovery" name="test_get_providers_excludes_unavailable" time="0.001" /><testcase classname="tests.unit.test_features.test_search_cache" name="test_search_cache_set_and_get_results" time="0.002" /><testcase classname="tests.unit.test_infra.test_ai.test_agents.test_state_store.TestGlobalStateStore" name="test_get_default_store" time="0.001" /><testcase classname="tests.unit.test_infra.test_circuit_breaker.TestCircuitBreakerReset" name="test_reset_clears_state" time="0.002" /><testcase classname="tests.unit.test_messaging.test_tracing_utilities.TestExtractEvent" name="test_extracts_from_event_kwarg" time="0.001" /><testcase classname="tests.unit.test_infra.test_ai.test_orchestrator.TestTracingIntegration" name="test_execute_works_without_tracer" time="0.008" /><testcase classname="tests.unit.test_messaging.test_tracing_utilities.TestExtractEvent" name="test_extracts_from_message_kwarg" time="0.001" /><testcase classname="tests.unit.test_infra.test_ai.test_agents.test_state_store.TestGlobalStateStore" name="test_get_same_store" time="0.001" /><testcase classname="tests.unit.test_features.test_search_cache" name="test_search_cache_respects_max_query_length" time="0.002" /><testcase classname="tests.unit.test_infra.test_ai.test_capability_registry.TestCapabilityDiscovery" name="test_get_providers_includes_unavailable_when_requested" time="0.001" /><testcase classname="tests.unit.test_infra.test_ai.test_capability_registry.TestCapabilityDiscovery" name="test_get_providers_returns_empty_for_unknown_capability" time="0.001" /><testcase classname="tests.unit.test_infra.test_ai.test_agents.test_state_store.TestGlobalStateStore" name="test_configure_store" time="0.001" /><testcase classname="tests.unit.test_infra.test_circuit_breaker.TestCircuitBreakerReset" name="test_reset_allows_immediate_calls" time="0.002" /><testcase classname="tests.unit.test_messaging.test_tracing_utilities.TestExtractEvent" name="test_returns_none_for_plain_args" time="0.000" /><testcase classname="tests.unit.test_infra.test_ai.test_agents.test_state_store.TestGlobalStateStore" name="test_reset_store" time="0.001" /><testcase classname="tests.unit.test_messaging.test_tracing_utilities.TestExtractEvent" name="test_extracts_from_any_kwarg_with_event_id" time="0.000" /><testcase classname="tests.unit.test_middleware.test_request_logging.TestRequestLoggingMiddleware" name="test_middleware_extracts_client_ip_from_forwarded_for" time="0.006" /><testcase classname="tests.unit.test_infra.test_ai.test_capability_registry.TestCheapestProvider" name="test_get_cheapest_finds_lowest_cost" time="0.001" /><testcase classname="tests.unit.test_messaging.test_tracing_utilities.TestSpanHelpers" name="test_add_message_span_attributes" time="0.001" /><testcase classname="tests.unit.test_infra.test_circuit_breaker.TestCircuitBreakerConcurrency" name="test_concurrent_calls_thread_safe" time="0.002" /><testcase classname="tests.unit.test_features.test_search_cache" name="test_suggestions_cache_and_stats" time="0.003" /><testcase classname="tests.unit.test_features.test_email.test_service.TestTestConfig" name="test_test_config_failure" time="0.011" /><testcase classname="tests.unit.test_messaging.test_tracing_utilities.TestSpanHelpers" name="test_add_message_span_attributes_skips_non_recording" time="0.001" /><testcase classname="tests.unit.test_infra.test_ai.test_agents.test_structured_output.TestExtractionResult" name="test_successful_result" time="0.001" /><testcase classname="tests.unit.test_infra.test_ai.test_agents.test_structured_output.TestExtractionResult" name="test_failed_result" time="0.001" /><testcase classname="tests.unit.test_infra.test_ai.test_capability_registry.TestCheapestProvider" name="test_get_cheapest_respects_quality_filter" time="0.001" /><testcase classname="tests.unit.test_infra.test_circuit_breaker.TestCircuitBreakerConcurrency" name="test_concurrent_failures_counted_correctly" time="0.002" /><testcase classname="tests.unit.test_features.test_search_cache" name="test_invalidation_helpers" time="0.002" /><testcase classname="tests.unit.test_infra.test_ai.test_agents.test_structured_output.TestExtractionResult" name="test_result_with_cost_tracking" time="0.001" /><testcase classname="tests.unit.test_infra.test_ai.test_capability_registry.TestCheapestProvider" name="test_get_cheapest_excludes_providers" time="0.001" /><testcase classname="tests.unit.test_messaging.test_tracing_utilities.TestSpanHelpers" name="test_add_message_span_event" time="0.001" /><testcase classname="tests.unit.test_messaging.test_tracing_utilities.TestSpanHelpers" name="test_add_message_span_event_without_attributes" time="0.001" /><testcase classname="tests.unit.test_infra.test_ai.test_capability_registry.TestCheapestProvider" name="test_get_cheapest_returns_none_when_no_providers" time="0.001" /><testcase classname="tests.unit.test_middleware.test_request_logging.TestRequestLoggingMiddleware" name="test_middleware_extracts_client_ip_from_real_ip" time="0.006" /><testcase classname="tests.unit.test_infra.test_ai.test_agents.test_structured_output.TestStructuredOutputParser" name="test_get_json_schema" time="0.002" /><testcase classname="tests.unit.test_infra.test_circuit_breaker.TestCircuitBreakerHalfOpenState" name="test_half_open_limits_concurrent_calls" time="0.002" /><testcase classname="tests.unit.test_infra.test_ai.test_orchestrator.TestErrorHandling" name="test_failed_execution_returns_result" time="0.010" /><testcase classname="tests.unit.test_messaging.test_tracing_utilities.TestSpanHelpers" name="test_add_message_span_event_skips_non_recording" time="0.001" /><testcase classname="tests.unit.test_features.test_search_cache" name="test_global_cache_init" time="0.002" /><testcase classname="tests.unit.test_infra.test_ai.test_agents.test_structured_output.TestStructuredOutputParser" name="test_get_function_schema" time="0.001" /><testcase classname="tests.unit.test_features.test_email.test_service.TestTestConfig" name="test_test_config_exception" time="0.007" /><testcase classname="tests.unit.test_infra.test_ai.test_capability_registry.TestFallbackChain" name="test_build_chain_starts_with_primary" time="0.001" /><testcase classname="tests.unit.test_infra.test_circuit_breaker.TestCircuitBreakerHalfOpenState" name="test_half_open_success_progression" time="0.002" /><testcase classname="tests.unit.test_infra.test_ai.test_capability_registry.TestFallbackChain" name="test_build_chain_uses_priority_without_primary" time="0.002" /><testcase classname="tests.unit.test_middleware.test_correlation_id.TestCorrelationIDMiddleware" name="test_generates_correlation_id_when_not_provided" time="0.010" /><testcase classname="tests.unit.test_infra.test_ai.test_agents.test_structured_output.TestStructuredOutputParser" name="test_get_system_prompt" time="0.001" /><testcase classname="tests.unit.test_features.test_search_enhancements.TestCircuitBreaker" name="test_initial_state_closed" time="0.001" /><testcase classname="tests.unit.test_middleware.test_request_logging.TestRequestLoggingMiddleware" name="test_middleware_masks_sensitive_headers" time="0.007" /><testcase classname="tests.unit.test_infra.test_ai.test_agents.test_structured_output.TestStructuredOutputParser" name="test_parse_valid_json" time="0.001" /><testcase classname="tests.unit.test_infra.test_ai.test_capability_registry.TestFallbackChain" name="test_build_chain_respects_max_fallbacks" time="0.002" /><testcase classname="tests.unit.test_infra.test_circuit_breaker.TestCircuitBreakerEdgeCases" name="test_recovery_timeout_edge_case" time="0.002" /><testcase classname="tests.unit.test_features.test_search_enhancements.TestCircuitBreaker" name="test_can_execute_when_closed" time="0.001" /><testcase classname="tests.unit.test_infra.test_ai.test_capability_registry.TestFallbackChain" name="test_build_chain_excludes_providers" time="0.005" /><testcase classname="tests.unit.test_infra.test_circuit_breaker.TestCircuitBreakerEdgeCases" name="test_zero_failure_rate_with_no_calls" time="0.002" /><testcase classname="tests.unit.test_infra.test_ai.test_agents.test_structured_output.TestStructuredOutputParser" name="test_parse_markdown_json" time="0.002" /><testcase classname="tests.unit.test_features.test_search_enhancements.TestCircuitBreaker" name="test_opens_after_threshold_failures" time="0.002" /><testcase classname="tests.unit.test_features.test_tasks.test_router" name="test_trigger_task_invalid_name" time="0.026" /><testcase classname="tests.unit.test_features.test_search_enhancements.TestCircuitBreaker" name="test_success_resets_failure_count_in_half_open" time="0.001" /><testcase classname="tests.unit.test_infra.test_circuit_breaker.TestCircuitBreakerEdgeCases" name="test_exception_in_decorator_propagates" time="0.002" /><testcase classname="tests.unit.test_app.test_lifespan" name="test_lifespan_warns_when_database_optional" time="0.002"><failure message="AttributeError: 'NoneType' object at example_service.infra.messaging.broker has no attribute 'start_broker'">.venv/lib/python3.13/site-packages/_pytest/monkeypatch.py:92: in annotated_getattr
    obj = getattr(obj, name)
          ^^^^^^^^^^^^^^^^^^
E   AttributeError: 'NoneType' object has no attribute 'start_broker'

The above exception was the direct cause of the following exception:
tests/unit/test_app/test_lifespan.py:220: in test_lifespan_warns_when_database_optional
    _patch_common_dependencies(monkeypatch)
tests/unit/test_app/test_lifespan.py:394: in _patch_common_dependencies
    monkeypatch.setattr(
.venv/lib/python3.13/site-packages/_pytest/monkeypatch.py:106: in derive_importpath
    annotated_getattr(target, attr, ann=module)
.venv/lib/python3.13/site-packages/_pytest/monkeypatch.py:94: in annotated_getattr
    raise AttributeError(
E   AttributeError: 'NoneType' object at example_service.infra.messaging.broker has no attribute 'start_broker'</failure></testcase><testcase classname="tests.unit.test_infra.test_ai.test_agents.test_structured_output.TestStructuredOutputParser" name="test_parse_inline_json" time="0.001" /><testcase classname="tests.unit.test_features.test_email.test_service.TestCheckHealth" name="test_check_health_success" time="0.008" /><testcase classname="tests.unit.test_infra.test_ai.test_orchestrator.TestErrorHandling" name="test_metrics_recorded_on_failure" time="0.010" /><testcase classname="tests.unit.test_middleware.test_request_logging.TestRequestLoggingMiddleware" name="test_middleware_logs_request_body_when_enabled" time="0.006" /><testcase classname="tests.unit.test_middleware.test_correlation_id.TestCorrelationIDMiddleware" name="test_preserves_existing_correlation_id" time="0.003" /><testcase classname="tests.unit.test_infra.test_ai.test_agents.test_structured_output.TestStructuredOutputParser" name="test_parse_invalid_json" time="0.001" /><testcase classname="tests.unit.test_infra.test_circuit_breaker.TestCircuitBreakerIntegration" name="test_full_circuit_lifecycle" time="0.002" /><testcase classname="tests.unit.test_infra.test_ai.test_agents.test_structured_output.TestStructuredOutputParser" name="test_parse_validation_error" time="0.001" /><testcase classname="tests.unit.test_features.test_search_enhancements.TestCircuitBreaker" name="test_failure_in_half_open_reopens" time="0.001" /><testcase classname="tests.unit.test_infra.test_ai.test_capability_registry.TestFallbackChain" name="test_build_chain_skips_unavailable_primary" time="0.002" /><testcase classname="tests.unit.test_infra.test_ai.test_agents.test_structured_output.TestStructuredOutputParser" name="test_parse_function_call_dict" time="0.001" /><testcase classname="tests.unit.test_middleware.test_correlation_id.TestCorrelationIDMiddleware" name="test_correlation_id_in_response_header" time="0.003" /><testcase classname="tests.unit.test_infra.test_circuit_breaker.TestCircuitBreakerIntegration" name="test_realistic_service_degradation_scenario" time="0.003" /><testcase classname="tests.unit.test_features.test_search_enhancements.TestCircuitBreaker" name="test_reset" time="0.002" /><testcase classname="tests.unit.test_infra.test_ai.test_agents.test_structured_output.TestStructuredOutputParser" name="test_parse_function_call_string" time="0.001" /><testcase classname="tests.unit.test_infra.test_ai.test_capability_registry.TestAdapterCreation" name="test_create_adapter_calls_factory" time="0.002" /><testcase classname="tests.unit.test_middleware.test_correlation_id.TestCorrelationIDMiddleware" name="test_preserves_upstream_correlation_id_in_response" time="0.004" /><testcase classname="tests.unit.test_features.test_email.test_service.TestCheckHealth" name="test_check_health_unhealthy" time="0.005" /><testcase classname="tests.unit.test_middleware.test_request_logging.TestRequestLoggingMiddleware" name="test_middleware_does_not_log_body_when_disabled" time="0.006" /><testcase classname="tests.unit.test_infra.test_ai.test_orchestrator.TestErrorHandling" name="test_pipeline_completed_always_recorded" time="0.008" /><testcase classname="tests.unit.test_infra.test_ai.test_agents.test_structured_output.TestStructuredOutputParser" name="test_parse_with_optional_field" time="0.002" /><testcase classname="tests.unit.test_features.test_search_enhancements.TestCircuitBreaker" name="test_get_stats" time="0.001" /><testcase classname="tests.unit.test_infra.test_ai.test_capability_registry.TestAdapterCreation" name="test_create_adapter_raises_for_unknown_provider" time="0.001" /><testcase classname="tests.unit.test_infra.test_ai.test_capability_registry.TestAdapterCreation" name="test_create_adapter_raises_without_factory" time="0.001" /><testcase classname="tests.unit.test_features.test_search_enhancements.TestCircuitBreakerRegistry" name="test_get_or_create" time="0.001" /><testcase classname="tests.unit.test_infra.test_ai.test_agents.test_structured_output.TestStructuredOutputParser" name="test_parse_with_missing_optional" time="0.001" /><testcase classname="tests.unit.test_features.test_search_enhancements.TestCircuitBreakerRegistry" name="test_get_all_stats" time="0.001" /><testcase classname="tests.unit.test_features.test_email.test_service.TestCheckHealth" name="test_check_health_exception" time="0.004" /><testcase classname="tests.unit.test_features.test_search_enhancements.TestIntentClassifier" name="test_informational_question" time="0.001" /><testcase classname="tests.unit.test_infra.test_ai.test_orchestrator.TestConfiguration" name="test_default_configuration" time="0.002" /><testcase classname="tests.unit.test_features.test_search_enhancements.TestIntentClassifier" name="test_navigational_single_term" time="0.001" /><testcase classname="tests.unit.test_features.test_search_enhancements.TestIntentClassifier" name="test_transactional_action" time="0.001" /><testcase classname="tests.unit.test_middleware.test_request_logging.TestRequestLoggingMiddleware" name="test_middleware_detects_security_events" time="0.005" /><testcase classname="tests.unit.test_features.test_email.test_service.TestGetUsageStats" name="test_get_usage_stats" time="0.004" /><testcase classname="tests.unit.test_infra.test_ai.test_agents.test_structured_output.TestStructuredOutputExtractor" name="test_extract_success" time="0.002" /><testcase classname="tests.unit.test_middleware.test_correlation_id.TestCorrelationIDMiddleware" name="test_correlation_id_available_in_request_state" time="0.004" /><testcase classname="tests.unit.test_features.test_search_enhancements.TestIntentClassifier" name="test_exploratory_browse" time="0.000" /><testcase classname="tests.unit.test_infra.test_ai.test_capability_registry.TestCostEstimation" name="test_estimate_cost_for_transcription" time="0.001" /><testcase classname="tests.unit.test_infra.test_ai.test_capability_registry.TestCostEstimation" name="test_estimate_cost_for_llm" time="0.001" /><testcase classname="tests.unit.test_features.test_search_enhancements.TestIntentClassifier" name="test_empty_query" time="0.000" /><testcase classname="tests.unit.test_middleware.test_correlation_id.TestCorrelationIDMiddleware" name="test_get_correlation_id_from_request_helper" time="0.004" /><testcase classname="tests.unit.test_infra.test_ai.test_capability_registry.TestCostEstimation" name="test_estimate_cost_returns_none_for_unknown" time="0.001" /><testcase classname="tests.unit.test_infra.test_ai.test_agents.test_structured_output.TestStructuredOutputExtractor" name="test_extract_with_retry" time="0.002" /><testcase classname="tests.unit.test_infra.test_ai.test_capability_registry.TestProviderAvailability" name="test_mark_unavailable_sets_flag" time="0.001" /><testcase classname="tests.unit.test_features.test_search_enhancements.TestIntentClassifier" name="test_suggested_a
[...]
    self.dialect.do_execute(
.venv/lib/python3.13/site-packages/sqlalchemy/engine/default.py:951: in do_execute
    cursor.execute(statement, parameters)
.venv/lib/python3.13/site-packages/sqlalchemy/dialects/postgresql/psycopg.py:597: in execute
    result = self.await_(self._cursor.execute(query, params, **kw))
             ^^^^^^^^^^^^^^^^^^^^^^^^^^^^^^^^^^^^^^^^^^^^^^^^^^^^^^
.venv/lib/python3.13/site-packages/sqlalchemy/util/_concurrency_py3k.py:132: in await_only
    return current.parent.switch(awaitable)  # type: ignore[no-any-return,attr-defined] # noqa: E501
           ^^^^^^^^^^^^^^^^^^^^^^^^^^^^^^^^
.venv/lib/python3.13/site-packages/sqlalchemy/util/_concurrency_py3k.py:196: in greenlet_spawn
    value = await result
            ^^^^^^^^^^^^
.venv/lib/python3.13/site-packages/psycopg/cursor_async.py:97: in execute
    raise ex.with_traceback(None)
E   psycopg.errors.UndefinedFunction: operator does not exist: auditaction ~~ unknown
E   LINE 3: WHERE (audit_logs.action LIKE $1 OR audit_logs.action LIKE $...
E                                    ^
E   HINT:  No operator matches the given name and argument types. You might need to add explicit type casts.

The above exception was the direct cause of the following exception:
tests/unit/test_features/test_audit/test_service.py:527: in test_get_summary
    summary = await service.get_summary(tenant_id="tenant-123")
              ^^^^^^^^^^^^^^^^^^^^^^^^^^^^^^^^^^^^^^^^^^^^^^^^^
example_service/features/audit/service.py:464: in get_summary
    dangerous_count = await self._count_dangerous_actions(
example_service/features/audit/service.py:503: in _count_dangerous_actions
    result = await self.session.execute(stmt)
             ^^^^^^^^^^^^^^^^^^^^^^^^^^^^^^^^
.venv/lib/python3.13/site-packages/sqlalchemy/ext/asyncio/session.py:449: in execute
    result = await greenlet_spawn(
.venv/lib/python3.13/site-packages/sqlalchemy/util/_concurrency_py3k.py:201: in greenlet_spawn
    result = context.throw(*sys.exc_info())
             ^^^^^^^^^^^^^^^^^^^^^^^^^^^^^^
.venv/lib/python3.13/site-packages/sqlalchemy/orm/session.py:2351: in execute
    return self._execute_internal(
.venv/lib/python3.13/site-packages/sqlalchemy/orm/session.py:2249: in _execute_internal
    result: Result[Any] = compile_state_cls.orm_execute_statement(
.venv/lib/python3.13/site-packages/sqlalchemy/orm/context.py:306: in orm_execute_statement
    result = conn.execute(
.venv/lib/python3.13/site-packages/sqlalchemy/engine/base.py:1419: in execute
    return meth(
.venv/lib/python3.13/site-packages/sqlalchemy/sql/elements.py:526: in _execute_on_connection
    return connection._execute_clauseelement(
.venv/lib/python3.13/site-packages/sqlalchemy/engine/base.py:1641: in _execute_clauseelement
    ret = self._execute_context(
.venv/lib/python3.13/site-packages/sqlalchemy/engine/base.py:1846: in _execute_context
    return self._exec_single_context(
.venv/lib/python3.13/site-packages/sqlalchemy/engine/base.py:1986: in _exec_single_context
    self._handle_dbapi_exception(
.venv/lib/python3.13/site-packages/sqlalchemy/engine/base.py:2355: in _handle_dbapi_exception
    raise sqlalchemy_exception.with_traceback(exc_info[2]) from e
.venv/lib/python3.13/site-packages/sqlalchemy/engine/base.py:1967: in _exec_single_context
    self.dialect.do_execute(
.venv/lib/python3.13/site-packages/sqlalchemy/engine/default.py:951: in do_execute
    cursor.execute(statement, parameters)
.venv/lib/python3.13/site-packages/sqlalchemy/dialects/postgresql/psycopg.py:597: in execute
    result = self.await_(self._cursor.execute(query, params, **kw))
             ^^^^^^^^^^^^^^^^^^^^^^^^^^^^^^^^^^^^^^^^^^^^^^^^^^^^^^
.venv/lib/python3.13/site-packages/sqlalchemy/util/_concurrency_py3k.py:132: in await_only
    return current.parent.switch(awaitable)  # type: ignore[no-any-return,attr-defined] # noqa: E501
           ^^^^^^^^^^^^^^^^^^^^^^^^^^^^^^^^
.venv/lib/python3.13/site-packages/sqlalchemy/util/_concurrency_py3k.py:196: in greenlet_spawn
    value = await result
            ^^^^^^^^^^^^
.venv/lib/python3.13/site-packages/psycopg/cursor_async.py:97: in execute
    raise ex.with_traceback(None)
E   sqlalchemy.exc.ProgrammingError: (psycopg.errors.UndefinedFunction) operator does not exist: auditaction ~~ unknown
E   LINE 3: WHERE (audit_logs.action LIKE $1 OR audit_logs.action LIKE $...
E                                    ^
E   HINT:  No operator matches the given name and argument types. You might need to add explicit type casts.
E   [SQL: SELECT count(audit_logs.id) AS count_1 
E   FROM audit_logs 
E   WHERE (audit_logs.action LIKE %(action_1)s OR audit_logs.action LIKE %(action_2)s OR audit_logs.action LIKE %(action_3)s OR audit_logs.action LIKE %(action_4)s OR audit_logs.action = %(action_5)s OR audit_logs.action = %(action_6)s OR audit_logs.action = %(action_7)s) AND audit_logs.tenant_id = %(tenant_id_1)s::VARCHAR]
E   [parameters: {'action_1': '%.deleted', 'action_2': '%.revoked', 'action_3': '%.suspended', 'action_4': '%.disconnected', 'action_5': 'delete', 'action_6': 'bulk_delete', 'action_7': 'purge', 'tenant_id_1': 'tenant-123'}]
E   (Background on this error at: https://sqlalche.me/e/20/f405)</failure></testcase><testcase classname="tests.unit.test_features.test_audit.test_service" name="test_get_summary_with_time_filter" time="1.752"><failure message="sqlalchemy.exc.ProgrammingError: (psycopg.errors.UndefinedFunction) operator does not exist: auditaction ~~ unknown&#10;LINE 3: WHERE (audit_logs.action LIKE $1 OR audit_logs.action LIKE $...&#10;                                 ^&#10;HINT:  No operator matches the given name and argument types. You might need to add explicit type casts.&#10;[SQL: SELECT count(audit_logs.id) AS count_1 &#10;FROM audit_logs &#10;WHERE (audit_logs.action LIKE %(action_1)s OR audit_logs.action LIKE %(action_2)s OR audit_logs.action LIKE %(action_3)s OR audit_logs.action LIKE %(action_4)s OR audit_logs.action = %(action_5)s OR audit_logs.action = %(action_6)s OR audit_logs.action = %(action_7)s) AND audit_logs.timestamp &gt;= %(timestamp_1)s::TIMESTAMP WITH TIME ZONE AND audit_logs.timestamp &lt;= %(timestamp_2)s::TIMESTAMP WITH TIME ZONE]&#10;[parameters: {'action_1': '%.deleted', 'action_2': '%.revoked', 'action_3': '%.suspended', 'action_4': '%.disconnected', 'action_5': 'delete', 'action_6': 'bulk_delete', 'action_7': 'purge', 'timestamp_1': datetime.datetime(2025, 12, 10, 16, 34, 25, 702328, tzinfo=datetime.timezone.utc), 'timestamp_2': datetime.datetime(2025, 12, 10, 19, 34, 25, 702328, tzinfo=datetime.timezone.utc)}]&#10;(Background on this error at: https://sqlalche.me/e/20/f405)">.venv/lib/python3.13/site-packages/sqlalchemy/engine/base.py:1967: in _exec_single_context
    self.dialect.do_execute(
.venv/lib/python3.13/site-packages/sqlalchemy/engine/default.py:951: in do_execute
    cursor.execute(statement, parameters)
.venv/lib/python3.13/site-packages/sqlalchemy/dialects/postgresql/psycopg.py:597: in execute
    result = self.await_(self._cursor.execute(query, params, **kw))
             ^^^^^^^^^^^^^^^^^^^^^^^^^^^^^^^^^^^^^^^^^^^^^^^^^^^^^^
.venv/lib/python3.13/site-packages/sqlalchemy/util/_concurrency_py3k.py:132: in await_only
    return current.parent.switch(awaitable)  # type: ignore[no-any-return,attr-defined] # noqa: E501
           ^^^^^^^^^^^^^^^^^^^^^^^^^^^^^^^^
.venv/lib/python3.13/site-packages/sqlalchemy/util/_concurrency_py3k.py:196: in greenlet_spawn
    value = await result
            ^^^^^^^^^^^^
.venv/lib/python3.13/site-packages/psycopg/cursor_async.py:97: in execute
    raise ex.with_traceback(None)
E   psycopg.errors.UndefinedFunction: operator does not exist: auditaction ~~ unknown
E   LINE 3: WHERE (audit_logs.action LIKE $1 OR audit_logs.action LIKE $...
E                                    ^
E   HINT:  No operator matches the given name and argument types. You might need to add explicit type casts.

The above exception was the direct cause of the following exception:
tests/unit/test_features/test_audit/test_service.py:571: in test_get_summary_with_time_filter
    summary = await service.get_summary(
example_service/features/audit/service.py:464: in get_summary
    dangerous_count = await self._count_dangerous_actions(
example_service/features/audit/service.py:503: in _count_dangerous_actions
    result = await self.session.execute(stmt)
             ^^^^^^^^^^^^^^^^^^^^^^^^^^^^^^^^
.venv/lib/python3.13/site-packages/sqlalchemy/ext/asyncio/session.py:449: in execute
    result = await greenlet_spawn(
.venv/lib/python3.13/site-packages/sqlalchemy/util/_concurrency_py3k.py:201: in greenlet_spawn
    result = context.throw(*sys.exc_info())
             ^^^^^^^^^^^^^^^^^^^^^^^^^^^^^^
.venv/lib/python3.13/site-packages/sqlalchemy/orm/session.py:2351: in execute
    return self._execute_internal(
.venv/lib/python3.13/site-packages/sqlalchemy/orm/session.py:2249: in _execute_internal
    result: Result[Any] = compile_state_cls.orm_execute_statement(
.venv/lib/python3.13/site-packages/sqlalchemy/orm/context.py:306: in orm_execute_statement
    result = conn.execute(
.venv/lib/python3.13/site-packages/sqlalchemy/engine/base.py:1419: in execute
    return meth(
.venv/lib/python3.13/site-packages/sqlalchemy/sql/elements.py:526: in _execute_on_connection
    return connection._execute_clauseelement(
.venv/lib/python3.13/site-packages/sqlalchemy/engine/base.py:1641: in _execute_clauseelement
    ret = self._execute_context(
.venv/lib/python3.13/site-packages/sqlalchemy/engine/base.py:1846: in _execute_context
    return self._exec_single_context(
.venv/lib/python3.13/site-packages/sqlalchemy/engine/base.py:1986: in _exec_single_context
    self._handle_dbapi_exception(
.venv/lib/python3.13/site-packages/sqlalchemy/engine/base.py:2355: in _handle_dbapi_exception
    raise sqlalchemy_exception.with_traceback(exc_info[2]) from e
.venv/lib/python3.13/site-packages/sqlalchemy/engine/base.py:1967: in _exec_single_context
    self.dialect.do_execute(
.venv/lib/python3.13/site-packages/sqlalchemy/engine/default.py:951: in do_execute
    cursor.execute(statement, parameters)
.venv/lib/python3.13/site-packages/sqlalchemy/dialects/postgresql/psycopg.py:597: in execute
    result = self.await_(self._cursor.execute(query, params, **kw))
             ^^^^^^^^^^^^^^^^^^^^^^^^^^^^^^^^^^^^^^^^^^^^^^^^^^^^^^
.venv/lib/python3.13/site-packages/sqlalchemy/util/_concurrency_py3k.py:132: in await_only
    return current.parent.switch(awaitable)  # type: ignore[no-any-return,attr-defined] # noqa: E501
           ^^^^^^^^^^^^^^^^^^^^^^^^^^^^^^^^
.venv/lib/python3.13/site-packages/sqlalchemy/util/_concurrency_py3k.py:196: in greenlet_spawn
    value = await result
            ^^^^^^^^^^^^
.venv/lib/python3.13/site-packages/psycopg/cursor_async.py:97: in execute
    raise ex.with_traceback(None)
E   sqlalchemy.exc.ProgrammingError: (psycopg.errors.UndefinedFunction) operator does not exist: auditaction ~~ unknown
E   LINE 3: WHERE (audit_logs.action LIKE $1 OR audit_logs.action LIKE $...
E                                    ^
E   HINT:  No operator matches the given name and argument types. You might need to add explicit type casts.
E   [SQL: SELECT count(audit_logs.id) AS count_1 
E   FROM audit_logs 
E   WHERE (audit_logs.action LIKE %(action_1)s OR audit_logs.action LIKE %(action_2)s OR audit_logs.action LIKE %(action_3)s OR audit_logs.action LIKE %(action_4)s OR audit_logs.action = %(action_5)s OR audit_logs.action = %(action_6)s OR audit_logs.action = %(action_7)s) AND audit_logs.timestamp &gt;= %(timestamp_1)s::TIMESTAMP WITH TIME ZONE AND audit_logs.timestamp &lt;= %(timestamp_2)s::TIMESTAMP WITH TIME ZONE]
E   [parameters: {'action_1': '%.deleted', 'action_2': '%.revoked', 'action_3': '%.suspended', 'action_4': '%.disconnected', 'action_5': 'delete', 'action_6': 'bulk_delete', 'action_7': 'purge', 'timestamp_1': datetime.datetime(2025, 12, 10, 16, 34, 25, 702328, tzinfo=datetime.timezone.utc), 'timestamp_2': datetime.datetime(2025, 12, 10, 19, 34, 25, 702328, tzinfo=datetime.timezone.utc)}]
E   (Background on this error at: https://sqlalche.me/e/20/f405)</failure></testcase><testcase classname="tests.unit.test_features.test_audit.test_service" name="test_get_summary_empty" time="2.602"><failure message="sqlalchemy.exc.ProgrammingError: (psycopg.errors.UndefinedFunction) operator does not exist: auditaction ~~ unknown&#10;LINE 3: WHERE audit_logs.action LIKE $1 OR audit_logs.action LIKE $2...&#10;                                ^&#10;HINT:  No operator matches the given name and argument types. You might need to add explicit type casts.&#10;[SQL: SELECT count(audit_logs.id) AS count_1 &#10;FROM audit_logs &#10;WHERE audit_logs.action LIKE %(action_1)s OR audit_logs.action LIKE %(action_2)s OR audit_logs.action LIKE %(action_3)s OR audit_logs.action LIKE %(action_4)s OR audit_logs.action = %(action_5)s OR audit_logs.action = %(action_6)s OR audit_logs.action = %(action_7)s]&#10;[parameters: {'action_1': '%.deleted', 'action_2': '%.revoked', 'action_3': '%.suspended', 'action_4': '%.disconnected', 'action_5': 'delete', 'action_6': 'bulk_delete', 'action_7': 'purge'}]&#10;(Background on this error at: https://sqlalche.me/e/20/f405)">.venv/lib/python3.13/site-packages/sqlalchemy/engine/base.py:1967: in _exec_single_context
    self.dialect.do_execute(
.venv/lib/python3.13/site-packages/sqlalchemy/engine/default.py:951: in do_execute
    cursor.execute(statement, parameters)
.venv/lib/python3.13/site-packages/sqlalchemy/dialects/postgresql/psycopg.py:597: in execute
    result = self.await_(self._cursor.execute(query, params, **kw))
             ^^^^^^^^^^^^^^^^^^^^^^^^^^^^^^^^^^^^^^^^^^^^^^^^^^^^^^
.venv/lib/python3.13/site-packages/sqlalchemy/util/_concurrency_py3k.py:132: in await_only
    return current.parent.switch(awaitable)  # type: ignore[no-any-return,attr-defined] # noqa: E501
           ^^^^^^^^^^^^^^^^^^^^^^^^^^^^^^^^
.venv/lib/python3.13/site-packages/sqlalchemy/util/_concurrency_py3k.py:196: in greenlet_spawn
    value = await result
            ^^^^^^^^^^^^
.venv/lib/python3.13/site-packages/psycopg/cursor_async.py:97: in execute
    raise ex.with_traceback(None)
E   psycopg.errors.UndefinedFunction: operator does not exist: auditaction ~~ unknown
E   LINE 3: WHERE audit_logs.action LIKE $1 OR audit_logs.action LIKE $2...
E                                   ^
E   HINT:  No operator matches the given name and argument types. You might need to add explicit type casts.

The above exception was the direct cause of the following exception:
tests/unit/test_features/test_audit/test_service.py:582: in test_get_summary_empty
    summary = await service.get_summary()
              ^^^^^^^^^^^^^^^^^^^^^^^^^^^
example_service/features/audit/service.py:464: in get_summary
    dangerous_count = await self._count_dangerous_actions(
example_service/features/audit/service.py:503: in _count_dangerous_actions
    result = await self.session.execute(stmt)
             ^^^^^^^^^^^^^^^^^^^^^^^^^^^^^^^^
.venv/lib/python3.13/site-packages/sqlalchemy/ext/asyncio/session.py:449: in execute
    result = await greenlet_spawn(
.venv/lib/python3.13/site-packages/sqlalchemy/util/_concurrency_py3k.py:201: in greenlet_spawn
    result = context.throw(*sys.exc_info())
             ^^^^^^^^^^^^^^^^^^^^^^^^^^^^^^
.venv/lib/python3.13/site-packages/sqlalchemy/orm/session.py:2351: in execute
    return self._execute_internal(
.venv/lib/python3.13/site-packages/sqlalchemy/orm/session.py:2249: in _execute_internal
    result: Result[Any] = compile_state_cls.orm_execute_statement(
.venv/lib/python3.13/site-packages/sqlalchemy/orm/context.py:306: in orm_execute_statement
    result = conn.execute(
.venv/lib/python3.13/site-packages/sqlalchemy/engine/base.py:1419: in execute
    return meth(
.venv/lib/python3.13/site-packages/sqlalchemy/sql/elements.py:526: in _execute_on_connection
    return connection._execute_clauseelement(
.venv/lib/python3.13/site-packages/sqlalchemy/engine/base.py:1641: in _execute_clauseelement
    ret = self._execute_context(
.venv/lib/python3.13/site-packages/sqlalchemy/engine/base.py:1846: in _execute_context
    return self._exec_single_context(
.venv/lib/python3.13/site-packages/sqlalchemy/engine/base.py:1986: in _exec_single_context
    self._handle_dbapi_exception(
.venv/lib/python3.13/site-packages/sqlalchemy/engine/base.py:2355: in _handle_dbapi_exception
    raise sqlalchemy_exception.with_traceback(exc_info[2]) from e
.venv/lib/python3.13/site-packages/sqlalchemy/engine/base.py:1967: in _exec_single_context
    self.dialect.do_execute(
.venv/lib/python3.13/site-packages/sqlalchemy/engine/default.py:951: in do_execute
    cursor.execute(statement, parameters)
.venv/lib/python3.13/site-packages/sqlalchemy/dialects/postgresql/psycopg.py:597: in execute
    result = self.await_(self._cursor.execute(query, params, **kw))
             ^^^^^^^^^^^^^^^^^^^^^^^^^^^^^^^^^^^^^^^^^^^^^^^^^^^^^^
.venv/lib/python3.13/site-packages/sqlalchemy/util/_concurrency_py3k.py:132: in await_only
    return current.parent.switch(awaitable)  # type: ignore[no-any-return,attr-defined] # noqa: E501
           ^^^^^^^^^^^^^^^^^^^^^^^^^^^^^^^^
.venv/lib/python3.13/site-packages/sqlalchemy/util/_concurrency_py3k.py:196: in greenlet_spawn
    value = await result
            ^^^^^^^^^^^^
.venv/lib/python3.13/site-packages/psycopg/cursor_async.py:97: in execute
    raise ex.with_traceback(None)
E   sqlalchemy.exc.ProgrammingError: (psycopg.errors.UndefinedFunction) operator does not exist: auditaction ~~ unknown
E   LINE 3: WHERE audit_logs.action LIKE $1 OR audit_logs.action LIKE $2...
E                                   ^
E   HINT:  No operator matches the given name and argument types. You might need to add explicit type casts.
E   [SQL: SELECT count(audit_logs.id) AS count_1 
E   FROM audit_logs 
E   WHERE audit_logs.action LIKE %(action_1)s OR audit_logs.action LIKE %(action_2)s OR audit_logs.action LIKE %(action_3)s OR audit_logs.action LIKE %(action_4)s OR audit_logs.action = %(action_5)s OR audit_logs.action = %(action_6)s OR audit_logs.action = %(action_7)s]
E   [parameters: {'action_1': '%.deleted', 'action_2': '%.revoked', 'action_3': '%.suspended', 'action_4': '%.disconnected', 'action_5': 'delete', 'action_6': 'bulk_delete', 'action_7': 'purge'}]
E   (Background on this error at: https://sqlalche.me/e/20/f405)</failure></testcase></testsuite></testsuites>