<?xml version="1.0" encoding="utf-8"?><testsuites name="pytest tests"><testsuite name="pytest" errors="0" failures="0" skipped="1" tests="793" time="47.191" timestamp="2025-12-02T05:44:01.295031-06:00" hostname="woody"><testcase classname="tests.unit.test_app.test_exception_handlers" name="test_app_exception_handler_handles_problem_details[AppException-False]" time="0.003" /><testcase classname="tests.unit.test_app.test_exception_handlers" name="test_app_exception_handler_handles_problem_details[RateLimitException-True]" time="0.001" /><testcase classname="tests.unit.test_app.test_exception_handlers" name="test_validation_exception_handler_formats_errors" time="0.001" /><testcase classname="tests.unit.test_app.test_exception_handlers" name="test_generic_exception_handler_tracks_unknown" time="0.001" /><testcase classname="tests.unit.test_app.test_exception_handlers" name="test_problem_json_response_parses_body" time="0.000" /><testcase classname="tests.unit.test_app.test_exception_handlers" name="test_configure_exception_handlers_registers_handlers" time="0.013" /><testcase classname="tests.unit.test_app.test_exception_handlers" name="test_not_found_error_handler" time="0.001" /><testcase classname="tests.unit.test_app.test_exception_handlers" name="test_pydantic_validation_exception_handler" time="0.002" /><testcase classname="tests.unit.test_app.test_lifespan" name="test_lifespan_runs_with_all_dependencies_disabled" time="0.077" /><testcase classname="tests.unit.test_app.test_lifespan" name="test_lifespan_initializes_database_and_cache" time="0.053" /><testcase classname="tests.unit.test_app.test_lifespan" name="test_lifespan_starts_and_stops_service_discovery" time="0.004" /><testcase classname="tests.unit.test_app.test_lifespan" name="test_lifespan_warns_when_database_optional" time="0.004" /><testcase classname="tests.unit.test_app.test_lifespan" name="test_lifespan_raises_when_database_required" time="0.001" /><testcase classname="tests.unit.test_app.test_lifespan" name="test_lifespan_raises_when_cache_required" time="0.001" /><testcase classname="tests.unit.test_app.test_lifespan" name="test_lifespan_initializes_messaging_and_taskiq" time="0.006" /><testcase classname="tests.unit.test_app.test_middleware_patch" name="test_known_middleware_priority_order" time="0.001" /><testcase classname="tests.unit.test_app.test_middleware_patch" name="test_unknown_middleware_order_uses_name_hints" time="0.000" /><testcase classname="tests.unit.test_app.test_middleware_patch" name="test_rate_limit_validator_runs" time="0.000" /><testcase classname="tests.unit.test_app.test_router" name="test_setup_routers_without_rabbit" time="0.001" /><testcase classname="tests.unit.test_app.test_router" name="test_setup_routers_includes_rabbit_router" time="0.005" /><testcase classname="tests.unit.test_core.test_database.test_mixins" name="test_timestamp_created_at_is_set_automatically" time="11.898" /><testcase classname="tests.unit.test_core.test_database.test_mixins" name="test_timestamp_updated_at_is_set_automatically" time="0.899" /><testcase classname="tests.unit.test_core.test_database.test_mixins" name="test_timestamp_updated_at_changes_on_modification" time="0.876" /><testcase classname="tests.unit.test_core.test_database.test_mixins" name="test_timestamp_created_at_is_immutable" time="0.914" /><testcase classname="tests.unit.test_core.test_database.test_mixins" name="test_audit_created_by_is_set_on_creation" time="0.861" /><testcase classname="tests.unit.test_core.test_database.test_mixins" name="test_audit_updated_by_is_set_on_update" time="0.900" /><testcase classname="tests.unit.test_core.test_database.test_mixins" name="test_audit_fields_are_nullable" time="0.844" /><testcase classname="tests.unit.test_core.test_database.test_mixins" name="test_audit_supports_multiple_updates_by_different_users" time="0.878" /><testcase classname="tests.unit.test_core.test_database.test_mixins" name="test_soft_delete_deleted_by_field_is_set" time="0.869" /><testcase classname="tests.unit.test_core.test_database.test_mixins" name="test_soft_delete_is_deleted_property_returns_correct_value" time="0.865" /><testcase classname="tests.unit.test_core.test_database.test_mixins" name="test_soft_delete_queries_must_explicitly_filter" time="0.934" /><testcase classname="tests.unit.test_core.test_database.test_mixins" name="test_soft_delete_recovery" time="0.917" /><testcase classname="tests.unit.test_core.test_database.test_mixins" name="test_soft_delete_without_user_tracking" time="0.893" /><testcase classname="tests.unit.test_core.test_database.test_mixins" name="test_soft_delete_with_minimal_mixin" time="0.838" /><testcase classname="tests.unit.test_core.test_database.test_mixins" name="test_combined_mixins_full_audit_trail_creation_to_deletion" time="0.905" /><testcase classname="tests.unit.test_core.test_database.test_mixins" name="test_combined_mixins_audit_trail_works_with_soft_delete" time="0.920" /><testcase classname="tests.unit.test_core.test_database.test_mixins" name="test_integer_pk_strategy" time="0.917" /><testcase classname="tests.unit.test_core.test_database.test_mixins" name="test_uuid_v4_pk_strategy" time="0.859" /><testcase classname="tests.unit.test_core.test_database.test_mixins" name="test_uuid_v7_pk_strategy_is_time_sortable" time="0.914" /><testcase classname="tests.unit.test_core.test_database.test_mixins" name="test_uuid_v7_pk_different_from_uuid_v4" time="0.865" /><testcase classname="tests.unit.test_core.test_database.test_mixins" name="test_soft_delete_deleted_at_without_deleted_by" time="0.886" /><testcase classname="tests.unit.test_core.test_database.test_mixins" name="test_timestamp_precision_across_updates" time="0.885" /><testcase classname="tests.unit.test_core.test_database.test_mixins" name="test_audit_fields_max_length" time="1.044" /><testcase classname="tests.unit.test_core.test_database.test_mixins" name="test_multiple_soft_deletes_and_recoveries" time="0.920" /><testcase classname="tests.unit.test_core.test_database.test_mixins" name="test_timezone_aware_timestamps_are_utc" time="0.871" /><testcase classname="tests.unit.test_core.test_events.TestDomainEvent" name="test_event_has_auto_generated_id" time="0.002" /><testcase classname="tests.unit.test_core.test_events.TestDomainEvent" name="test_event_has_timestamp" time="0.001" /><testcase classname="tests.unit.test_core.test_events.TestDomainEvent" name="test_event_with_causation" time="0.001" /><testcase classname="tests.unit.test_core.test_events.TestDomainEvent" name="test_event_with_correlation" time="0.001" /><testcase classname="tests.unit.test_core.test_events.TestDomainEvent" name="test_to_outbox_payload" time="0.001" /><testcase classname="tests.unit.test_core.test_events.TestDomainEvent" name="test_event_metadata" time="0.001" /><testcase classname="tests.unit.test_core.test_events.TestEventRegistry" name="test_register_event" time="0.001" /><testcase classname="tests.unit.test_core.test_events.TestEventRegistry" name="test_register_multiple_versions" time="0.002" /><testcase classname="tests.unit.test_core.test_events.TestEventRegistry" name="test_get_unknown_event" time="0.000" /><testcase classname="tests.unit.test_core.test_events.TestEventRegistry" name="test_deserialize_event" time="0.001" /><testcase classname="tests.unit.test_core.test_events.TestEventRegistry" name="test_deserialize_unknown_event_raises" time="0.000" /><testcase classname="tests.unit.test_core.test_events.TestEventRegistry" name="test_list_event_types" time="0.002" /><testcase classname="tests.unit.test_core.test_events.TestEventPublisher" name="test_publish_stages_event_in_outbox" time="0.002" /><testcase classname="tests.unit.test_core.test_events.TestEventPublisher" name="test_publish_many_stages_multiple_events" time="0.002" /><testcase classname="tests.unit.test_core.test_events.TestEventPublisher" name="test_publish_many_falls_back_to_add_when_add_all_unavailable" time="0.002" /><testcase classname="tests.unit.test_core.test_events.TestEventPublisher" name="test_publish_many_respects_bulk_add_and_correlation" time="0.002" /><testcase classname="tests.unit.test_core.test_events.TestEventPublisher" name="test_publisher_sets_correlation_id" time="0.002" /><testcase classname="tests.unit.test_core.test_pagination.TestCursorData" name="test_cursor_data_creation" time="0.000" /><testcase classname="tests.unit.test_core.test_pagination.TestCursorData" name="test_cursor_data_default_direction" time="0.000" /><testcase classname="tests.unit.test_core.test_pagination.TestCursorCodec" name="test_encode_cursor" time="0.000" /><testcase classname="tests.unit.test_core.test_pagination.TestCursorCodec" name="test_decode_cursor" time="0.000" /><testcase classname="tests.unit.test_core.test_pagination.TestCursorCodec" name="test_encode_decode_roundtrip" time="0.000" /><testcase classname="tests.unit.test_core.test_pagination.TestCursorCodec" name="test_decode_invalid_cursor_raises" time="0.000" /><testcase classname="tests.unit.test_core.test_pagination.TestCursorCodec" name="test_create_cursor_from_row" time="0.000" /><testcase classname="tests.unit.test_core.test_pagination.TestPageInfo" name="test_page_info_creation" time="0.000" /><testcase classname="tests.unit.test_core.test_pagination.TestPageInfo" name="test_page_info_optional_fields" time="0.000" /><testcase classname="tests.unit.test_core.test_pagination.TestEdge" name="test_edge_creation" time="0.000" /><testcase classname="tests.unit.test_core.test_pagination.TestConnection" name="test_connection_creation" time="0.000" /><testcase classname="tests.unit.test_core.test_pagination.TestConnection" name="test_connection_to_cursor_page" time="0.000" /><testcase classname="tests.unit.test_core.test_pagination.TestConnection" name="test_empty_connection_to_cursor_page" time="0.000" /><testcase classname="tests.unit.test_core.test_pagination.TestCursorPage" name="test_cursor_page_creation" time="0.000" /><testcase classname="tests.unit.test_core.test_pagination.TestCursorPage" name="test_cursor_page_last_page" time="0.000" /><testcase classname="tests.unit.test_core.test_search.TestTSVECTOR" name="test_tsvector_cache_ok" time="0.000" /><testcase classname="tests.unit.test_core.test_search.TestTSVECTOR" name="test_tsvector_postgres_impl" time="0.000" /><testcase classname="tests.unit.test_core.test_search.TestTSVECTOR" name="test_tsvector_sqlite_fallback" time="0.000" /><testcase classname="tests.unit.test_core.test_search.TestFullTextSearchFilter" name="test_empty_query_returns_unchanged" time="0.002" /><testcase classname="tests.unit.test_core.test_search.TestFullTextSearchFilter" name="test_whitespace_query_returns_unchanged" time="0.002" /><testcase classname="tests.unit.test_core.test_search.TestFullTextSearchFilter" name="test_query_strips_whitespace" time="0.000" /><testcase classname="tests.unit.test_core.test_search.TestFullTextSearchFilter" name="test_filter_stores_parameters" time="0.000" /><testcase classname="tests.unit.test_core.test_search.TestFullTextSearchFilter" name="test_default_parameters" time="0.000" /><testcase classname="tests.unit.test_core.test_search.TestFullTextSearchFilter" name="test_build_tsquery_plain" time="0.001" /><testcase classname="tests.unit.test_core.test_search.TestFullTextSearchFilter" name="test_build_tsquery_prefix" time="0.000" /><testcase classname="tests.unit.test_core.test_search.TestWebSearchFilter" name="test_empty_query_returns_unchanged" time="0.002" /><testcase classname="tests.unit.test_core.test_search.TestWebSearchFilter" name="test_filter_stores_parameters" time="0.000" /><testcase classname="tests.unit.test_core.test_search.TestWebSearchFilter" name="test_default_parameters" time="0.000" /><testcase classname="tests.unit.test_core.test_search.TestFuzzySearchFilter" name="test_empty_query_returns_unchanged" time="0.001" /><testcase classname="tests.unit.test_core.test_search.TestFuzzySearchFilter" name="test_single_field" time="0.000" /><testcase classname="tests.unit.test_core.test_search.TestFuzzySearchFilter" name="test_multiple_fields" time="0.003" /><testcase classname="tests.unit.test_core.test_search.TestFuzzySearchFilter" name="test_default_threshold" time="0.000" /><testcase classname="tests.unit.test_core.test_search.TestFuzzySearchFilter" name="test_word_similarity_option" time="0.000" /><testcase classname="tests.unit.test_core.test_search.TestPhraseProximityFilter" name="test_single_word_fallback" time="0.000" /><testcase classname="tests.unit.test_core.test_search.TestPhraseProximityFilter" name="test_multiple_words" time="0.000" /><testcase classname="tests.unit.test_core.test_search.TestPhraseProximityFilter" name="test_default_distance_is_adjacent" time="0.000" /><testcase classname="tests.unit.test_core.test_search.TestPhraseProximityFilter" name="test_whitespace_words_filtered" time="0.000" /><testcase classname="tests.unit.test_core.test_search.TestBoostedSearchFilter" name="test_weight_boosts" time="0.000" /><testcase classname="tests.unit.test_core.test_search.TestBoostedSearchFilter" name="test_term_boosts" time="0.000" /><testcase classname="tests.unit.test_core.test_search.TestHybridSearchFilter" name="test_stores_parameters" time="0.001" /><testcase classname="tests.unit.test_core.test_search.TestHybridSearchFilter" name="test_default_weights" time="0.000" /><testcase classname="tests.unit.test_core.test_search.TestMultiFieldSearchFilter" name="test_stores_field_configs" time="0.000" /><testcase classname="tests.unit.test_core.test_search.TestMultiFieldSearchFilter" name="test_require_all_option" time="0.000" /><testcase classname="tests.unit.test_core.test_search.TestRankingOptions" name="test_default_normalization" time="0.000" /><testcase classname="tests.unit.test_core.test_search.TestRankingOptions" name="test_cover_density_option" time="0.000" /><testcase classname="tests.unit.test_core.test_search.TestRankingOptions" name="test_custom_weights" time="0.000" /><testcase classname="tests.unit.test_core.test_search.TestRankNormalization" name="test_can_combine_flags" time="0.000" /><testcase classname="tests.unit.test_core.test_search.TestRankNormalization" name="test_none_is_zero" time="0.000" /><testcase classname="tests.unit.test_core.test_search.TestSearchQueryParser" name="test_parse_simple_query" time="0.000" /><testcase classname="tests.unit.test_core.test_search.TestSearchQueryParser" name="test_parse_quoted_phrase" time="0.000" /><testcase classname="tests.unit.test_core.test_search.TestSearchQueryParser" name="test_parse_field_term" time="0.000" /><testcase classname="tests.unit.test_core.test_search.TestSearchQueryParser" name="test_parse_field_phrase" time="0.000" /><testcase classname="tests.unit.test_core.test_search.TestSearchQueryParser" name="test_parse_exclusion" time="0.000" /><testcase classname="tests.unit.test_core.test_search.TestSearchQueryParser" name="test_parse_prefix" time="0.000" /><testcase classname="tests.unit.test_core.test_search.TestSearchQueryParser" name="test_parse_fuzzy" time="0.000" /><testcase classname="tests.unit.test_core.test_search.TestSearchQueryParser" name="test_empty_query" time="0.000" /><testcase classname="tests.unit.test_core.test_search.TestSearchQueryParser" name="test_has_fts_query_true" time="0.000" /><testcase classname="tests.unit.test_core.test_search.TestSearchQueryParser" name="test_has_field_filters" time="0.000" /><testcase classname="tests.unit.test_core.test_search.TestSearchQueryParser" name="test_has_exclusions" time="0.000" /><testcase classname="tests.unit.test_core.test_search.TestQueryRewriter" name="test_expand_synonyms" time="0.000" /><testcase classname="tests.unit.test_core.test_search.TestQueryRewriter" name="test_remove_stop_words" time="0.000" /><testcase classname="tests.unit.test_core.test_search.TestQueryRewriter" name="test_normalize_whitespace" time="0.000" /><testcase classname="tests.unit.test_core.test_search.TestQueryRewriter" name="test_min_word_length" time="0.000" /><testcase classname="tests.unit.test_core.test_search.TestSearchableMixin" name="test_build_search_vector_sql" time="0.000" /><testcase classname="tests.unit.test_core.test_search.TestSearchableMixin" name="test_build_search_vector_sql_with_prefix" time="0.000" /><testcase classname="tests.unit.test_core.test_search.TestSearchableMixin" name="test_get_search_trigger_sql" time="0.000" /><testcase classname="tests.unit.test_core.test_search.TestSearchableMixin" name="test_get_backfill_sql" time="0.000" /><testcase classname="tests.unit.test_core.test_search.TestSearchableMixin" name="test_get_drop_trigger_sql" time="0.000" /><testcase classname="tests.unit.test_core.test_search.TestSearchableMixin" name="test_empty_search_fields" time="0.000" /><testcase classname="tests.unit.test_core.test_search.TestSearchableMixin" name="test_get_field_config" time="0.000" /><testcase classname="tests.unit.test_core.test_search.TestSearchableMixin" name="test_get_field_weight" time="0.000" /><testcase classname="tests.unit.test_core.test_search.TestMultiLanguageSearchMixin" name="test_get_search_trigger_sql_multilang" time="0.000" /><testcase classname="tests.unit.test_core.test_search.TestFTSMigrationHelper" name="test_default_names" time="0.000" /><testcase classname="tests.unit.test_core.test_search.TestFTSMigrationHelper" name="test_custom_names" time="0.000" /><testcase classname="tests.unit.test_core.test_search.TestFTSMigrationHelper" name="test_get_trigger_function_sql" time="0.000" /><testcase classname="tests.unit.test_core.test_search.TestFTSMigrationHelper" name="test_get_backfill_sql" time="0.000" /><testcase classname="tests.unit.test_core.test_search.TestTrigramMigrationHelper" name="test_default_index_name" time="0.000" /><testcase classname="tests.unit.test_core.test_search.TestTrigramMigrationHelper" name="test_get_index_sql" time="0.000" /><testcase classname="tests.unit.test_core.test_search.TestUnaccentMigrationHelper" name="test_get_config_sql" time="0.000" /><testcase classname="tests.unit.test_core.test_search.TestGenerateSearchVectorSQL" name="test_basic_generation" time="0.000" /><testcase classname="tests.unit.test_core.test_search.TestGenerateSearchVectorSQL" name="test_with_prefix" time="0.000" /><testcase classname="tests.unit.test_core.test_search.TestGenerateSearchVectorSQL" name="test_empty_fields" time="0.000" /><testcase classname="tests.unit.test_core.test_services" name="test_health_service_check_health" time="0.164" /><testcase classname="tests.unit.test_core.test_services" name="test_health_service_readiness" time="0.001" /><testcase classname="tests.unit.test_core.test_services" name="test_health_service_liveness" time="0.001" /><testcase classname="tests.unit.test_features.test_graphql.test_playground" name="test_playground_route_serves_html_and_assets" time="0.008" /><testcase classname="tests.unit.test_features.test_graphql.test_playground" name="test_playground_route_respects_root_path_and_subscriptions_flag" time="0.004" /><testcase classname="tests.unit.test_features.test_health.test_accent_auth_provider.TestAccentAuthHealthProvider" name="test_healthy_status_fast_response" time="0.003" /><testcase classname="tests.unit.test_features.test_health.test_accent_auth_provider.TestAccentAuthHealthProvider" name="test_degraded_status_slow_response" time="0.002" /><testcase classname="tests.unit.test_features.test_health.test_accent_auth_provider.TestAccentAuthHealthProvider" name="test_unhealthy_status_connection_error" time="0.002" /><testcase classname="tests.unit.test_features.test_health.test_accent_auth_provider.TestAccentAuthHealthProvider" name="test_unhealthy_status_timeout" time="0.002" /><testcase classname="tests.unit.test_features.test_health.test_accent_auth_provider.TestAccentAuthHealthProvider" name="test_unhealthy_status_no_url_configured" time="0.001" /><testcase classname="tests.unit.test_features.test_health.test_accent_auth_provider.TestAccentAuthHealthProvider" name="test_unexpected_status_code" time="0.002" /><testcase classname="tests.unit.test_features.test_health.test_consul_provider.TestConsulHealthProvider" name="test_healthy_status_all_checks_pass" time="0.003" /><testcase classname="tests.unit.test_features.test_health.test_consul_provider.TestConsulHealthProvider" name="test_degraded_status_no_leader" time="0.002" /><testcase classname="tests.unit.test_features.test_health.test_consul_provider.TestConsulHealthProvider" name="test_degraded_status_high_latency" time="0.002" /><testcase classname="tests.unit.test_features.test_health.test_consul_provider.TestConsulHealthProvider" name="test_unhealthy_status_agent_unreachable" time="0.002" /><testcase classname="tests.unit.test_features.test_health.test_consul_provider.TestConsulHealthProvider" name="test_unhealthy_status_timeout" time="0.103" /><testcase classname="tests.unit.test_features.test_health.test_consul_provider.TestConsulHealthProvider" name="test_metadata_contains_service_registration_status" time="0.004" /><testcase classname="tests.unit.test_features.test_health.test_consul_provider.TestConsulHealthProvider" name="test_service_not_registered" time="0.003" /><testcase classname="tests.unit.test_features.test_health.test_consul_provider.TestConsulHealthProvider" name="test_provider_name_is_consul" time="0.001" /><testcase classname="tests.unit.test_features.test_health.test_consul_provider.TestConsulHealthProvider" name="test_handles_partial_failures_gracefully" time="0.002" /><testcase classname="tests.unit.test_features.test_health.test_consul_provider.TestConsulHealthProvider" name="test_custom_provider_config" time="0.001" /><testcase classname="tests.unit.test_features.test_health.test_consul_provider.TestConsulHealthProvider" name="test_concurrent_checks_use_asyncio_gather" time="0.002" /><testcase classname="tests.unit.test_features.test_health.test_consul_provider.TestConsulHealthProvider" name="test_exception_in_check_health_returns_unhealthy" time="0.002" /><testcase classname="tests.unit.test_features.test_health.test_pool_provider.TestDatabasePoolHealthProviderInitialization" name="test_initialization_with_defaults" time="0.001" /><testcase classname="tests.unit.test_features.test_health.test_pool_provider.TestDatabasePoolHealthProviderInitialization" name="test_initialization_with_custom_thresholds" time="0.001" /><testcase classname="tests.unit.test_features.test_health.test_pool_provider.TestDatabasePoolHealthProviderInitialization" name="test_initialization_with_config" time="0.001" /><testcase classname="tests.unit.test_features.test_health.test_pool_provider.TestDatabasePoolHealthProviderInitialization" name="test_invalid_degraded_threshold_too_low" time="0.001" /><testcase classname="tests.unit.test_features.test_health.test_pool_provider.TestDatabasePoolHealthProviderInitialization" name="test_invalid_degraded_threshold_too_high" time="0.000" /><testcase classname="tests.unit.test_features.test_health.test_pool_provider.TestDatabasePoolHealthProviderInitialization" name="test_invalid_unhealthy_threshold_too_low" time="0.001" /><testcase classname="tests.unit.test_features.test_health.test_pool_provider.TestDatabasePoolHealthProviderInitialization" name="test_invalid_unhealthy_threshold_too_high" time="0.000" /><testcase classname="tests.unit.test_features.test_health.test_pool_provider.TestDatabasePoolHealthProviderInitialization" name="test_degraded_threshold_not_less_than_unhealthy" time="0.001" /><testcase classname="tests.unit.test_features.test_health.test_pool_provider.TestDatabasePoolHealthProviderInitialization" name="test_degraded_threshold_equal_to_unhealthy" time="0.000" /><testcase classname="tests.unit.test_features.test_health.test_pool_provider.TestDatabasePoolHealthProviderHealthy" name="test_healthy_pool_low_utilization" time="0.003" /><testcase classname="tests.unit.test_features.test_health.test_pool_provider.TestDatabasePoolHealthProviderHealthy" name="test_healthy_pool_zero_utilization" time="0.003" /><testcase classname="tests.unit.test_features.test_health.test_pool_provider.TestDatabasePoolHealthProviderHealthy" name="test_healthy_pool_with_overflow" time="0.002" /><testcase classname="tests.unit.test_features.test_health.test_pool_provider.TestDatabasePoolHealthProviderDegraded" name="test_degraded_pool_70_percent_utilization" time="0.002" /><testcase classname="tests.unit.test_features.test_health.test_pool_provider.TestDatabasePoolHealthProviderDegraded" name="test_degraded_pool_80_percent_utilization" time="0.003" /><testcase classname="tests.unit.test_features.test_health.test_pool_provider.TestDatabasePoolHealthProviderDegraded" name="test_degraded_pool_just_below_unhealthy" time="0.002" /><testcase classname="tests.unit.test_features.test_health.test_pool_provider.TestDatabasePoolHealthProviderUnhealthy" name="test_unhealthy_pool_90_percent_utilization" time="0.002" /><testcase classname="tests.unit.test_features.test_health.test_pool_provider.TestDatabasePoolHealthProviderUnhealthy" name="test_unhealthy_pool_95_percent_utilization" time="0.002" /><testcase classname="tests.unit.test_features.test_health.test_pool_provider.TestDatabasePoolHealthProviderUnhealthy" name="test_unhealthy_pool_full_utilization" time="0.002" /><testcase classname="tests.unit.test_features.test_health.test_pool_provider.TestDatabasePoolHealthProviderNullPool" name="test_null_pool_returns_healthy" time="0.001" /><testcase classname="tests.unit.test_features.test_health.test_pool_provider.TestDatabasePoolHealthProviderNullPool" name="test_null_pool_metadata_structure" time="0.001" /><testcase classname="tests.unit.test_features.test_health.test_pool_provider.TestDatabasePoolHealthProviderEdgeCases" name="test_zero_capacity_pool" time="0.002" /><testcase classname="tests.unit.test_features.test_health.test_pool_provider.TestDatabasePoolHealthProviderEdgeCases" name="test_unsupported_pool_type" time="0.002" /><testcase classname="tests.unit.test_features.test_health.test_pool_provider.TestDatabasePoolHealthProviderEdgeCases" name="test_unexpected_exception_during_check" time="0.005" /><testcase classname="tests.unit.test_features.test_health.test_pool_provider.TestDatabasePoolHealthProviderEdgeCases" name="test_fast_execution_time" time="0.002" /><testcase classname="tests.unit.test_features.test_health.test_pool_provider.TestDatabasePoolHealthProviderCustomThresholds" name="test_custom_thresholds_healthy" time="0.002" /><testcase classname="tests.unit.test_features.test_health.test_pool_provider.TestDatabasePoolHealthProviderCustomThresholds" name="test_custom_thresholds_degraded" time="0.002" /><testcase classname="tests.unit.test_features.test_health.test_pool_provider.TestDatabasePoolHealthProviderCustomThresholds" name="test_custom_thresholds_unhealthy" time="0.126" /><testcase classname="tests.unit.test_features.test_health.test_pool_provider.TestDatabasePoolHealthProviderMetadata" name="test_metadata_contains_all_required_fields" time="0.002" /><testcase classname="tests.unit.test_features.test_health.test_pool_provider.TestDatabasePoolHealthProviderMetadata" name="test_metadata_values_accuracy" time="0.002" /><testcase classname="tests.unit.test_features.test_health.test_pool_provider.TestDatabasePoolHealthProviderMetadata" name="test_metadata_utilization_percentage_precision" time="0.002" /><testcase classname="tests.unit.test_features.test_health.test_task_tracker_provider" name="test_tracker_connected_fast_response_is_healthy" time="0.001" /><testcase classname="tests.unit.test_features.test_health.test_task_tracker_provider" name="test_high_latency_results_in_degraded" time="0.102" /><testcase classname="tests.unit.test_features.test_health.test_task_tracker_provider" name="test_tracker_not_initialized" time="0.002" /><testcase classname="tests.unit.test_features.test_health.test_task_tracker_provider" name="test_tracker_disconnected" time="0.001" /><testcase classname="tests.unit.test_features.test_health.test_task_tracker_provider" name="test_tracking_disabled_in_settings" time="0.001" /><testcase classname="tests.unit.test_features.test_health.test_task_tracker_provider" name="test_query_timeout_returns_unhealthy" time="0.002" /><testcase classname="tests.unit.test_features.test_health.test_task_tracker_provider" name="test_query_exception_returns_unhealthy" time="0.002" /><testcase classname="tests.unit.test_features.test_health.test_task_tracker_provider" name="test_metadata_includes_stats" time="0.001" /><testcase classname="tests.unit.test_features.test_reminders.test_recurrence.TestRecurrenceRule" name="test_simple_daily_rule" time="0.000" /><testcase classname="tests.unit.test_features.test_reminders.test_recurrence.TestRecurrenceRule" name="test_weekly_with_interval" time="0.000" /><testcase classname="tests.unit.test_features.test_reminders.test_recurrence.TestRecurrenceRule" name="test_weekly_with_weekdays" time="0.000" /><testcase classname="tests.unit.test_features.test_reminders.test_recurrence.TestRecurrenceRule" name="test_monthly_with_day" time="0.000" /><testcase classname="tests.unit.test_features.test_reminders.test_recurrence.TestRecurrenceRule" name="test_rule_with_count" time="0.000" /><testcase classname="tests.unit.test_features.test_reminders.test_recurrence.TestRecurrenceRule" name="test_rule_with_until" time="0.000" /><testcase classname="tests.unit.test_features.test_reminders.test_recurrence.TestRecurrenceRule" name="test_from_rrule_string_simple" time="0.000" /><testcase classname="tests.unit.test_features.test_reminders.test_recurrence.TestRecurrenceRule" name="test_from_rrule_string_complex" time="0.000" /><testcase classname="tests.unit.test_features.test_reminders.test_recurrence.TestRecurrenceRule" name="test_roundtrip" time="0.000" /><testcase classname="tests.unit.test_features.test_reminders.test_recurrence.TestGenerateOccurrences" name="test_daily_occurrences" time="0.001" /><testcase classname="tests.unit.test_features.test_reminders.test_recurrence.TestGenerateOccurrences" name="test_weekly_occurrences" time="0.000" /><testcase classname="tests.unit.test_features.test_reminders.test_recurrence.TestGenerateOccurrences" name="test_weekdays_occurrences" time="0.000" /><testcase classname="tests.unit.test_features.test_reminders.test_recurrence.TestGenerateOccurrences" name="test_occurrences_with_after" time="0.000" /><testcase classname="tests.unit.test_features.test_reminders.test_recurrence.TestGenerateOccurrences" name="test_occurrences_with_before" time="0.000" /><testcase classname="tests.unit.test_features.test_reminders.test_recurrence.TestGenerateOccurrences" name="test_biweekly_occurrences" time="0.000" /><testcase classname="tests.unit.test_features.test_reminders.test_recurrence.TestGenerateOccurrences" name="test_exclude_start" time="0.000" /><testcase classname="tests.unit.test_features.test_reminders.test_recurrence.TestGetNextOccurrence" name="test_next_daily" time="0.000" /><testcase classname="tests.unit.test_features.test_reminders.test_recurrence.TestGetNextOccurrence" name="test_next_weekly" time="0.000" /><testcase classname="tests.unit.test_features.test_reminders.test_recurrence.TestValidateRrule" name="test_valid_rrule" time="0.000" /><testcase classname="tests.unit.test_features.test_reminders.test_recurrence.TestValidateRrule" name="test_invalid_frequency" time="0.000" /><testcase classname="tests.unit.test_features.test_reminders.test_recurrence.TestValidateRrule" name="test_missing_freq" time="0.000" /><testcase classname="tests.unit.test_features.test_reminders.test_recurrence.TestDescribeRrule" name="test_describe_daily" time="0.000" /><testcase classname="tests.unit.test_features.test_reminders.test_recurrence.TestDescribeRrule" name="test_describe_weekly" time="0.000" /><testcase classname="tests.unit.test_features.test_reminders.test_recurrence.TestDescribeRrule" name="test_describe_weekly_with_days" time="0.000" /><testcase classname="tests.unit.test_features.test_reminders.test_recurrence.TestDescribeRrule" name="test_describe_with_interval" time="0.000" /><testcase classname="tests.unit.test_features.test_reminders.test_recurrence.TestDescribeRrule" name="test_describe_monthly" time="0.000" /><testcase classname="tests.unit.test_features.test_reminders.test_recurrence.TestDescribeRrule" name="test_describe_invalid" time="0.000" /><testcase classname="tests.unit.test_features.test_reminders.test_recurrence.TestPresets" name="test_daily_preset" time="0.000" /><testcase classname="tests.unit.test_features.test_reminders.test_recurrence.TestPresets" name="test_weekly_preset" time="0.000" /><testcase classname="tests.unit.test_features.test_reminders.test_recurrence.TestPresets" name="test_weekdays_preset" time="0.000" /><testcase classname="tests.unit.test_features.test_reminders.test_recurrence.TestPresets" name="test_biweekly_preset" time="0.000" /><testcase classname="tests.unit.test_features.test_reminders.test_recurrence.TestPresets" name="test_monthly_preset" time="0.000" /><testcase classname="tests.unit.test_features.test_reminders.test_recurrence.TestPresets" name="test_yearly_preset" time="0.000" /><testcase classname="tests.unit.test_features.test_tags.test_schemas.TestTagCreate" name="test_valid_tag" time="0.000" /><testcase classname="tests.unit.test_features.test_tags.test_schemas.TestTagCreate" name="test_name_normalization" time="0.000" /><testcase classname="tests.unit.test_features.test_tags.test_schemas.TestTagCreate" name="test_minimal_tag" time="0.000" /><testcase classname="tests.unit.test_features.test_tags.test_schemas.TestTagCreate" name="test_invalid_color_format" time="0.001" /><testcase classname="tests.unit.test_features.test_tags.test_schemas.TestTagCreate" name="test_valid_hex_colors" time="0.000" /><testcase classname="tests.unit.test_features.test_tags.test_schemas.TestTagCreate" name="test_name_too_long" time="0.000" /><testcase classname="tests.unit.test_features.test_tags.test_schemas.TestTagCreate" name="test_empty_name" time="0.000" /><testcase classname="tests.unit.test_features.test_tags.test_schemas.TestTagUpdate" name="test_partial_update" time="0.000" /><testcase classname="tests.unit.test_features.test_tags.test_schemas.TestTagUpdate" name="test_name_normalization" time="0.000" /><testcase classname="tests.unit.test_features.test_tags.test_schemas.TestTagUpdate" name="test_empty_update" time="0.000" /><testcase classname="tests.unit.test_features.test_tags.test_schemas.TestTagResponse" name="test_from_attributes" time="0.000" /><testcase classname="tests.unit.test_features.test_tags.test_schemas.TestTagWithCountResponse" name="test_includes_count" time="0.000" /><testcase classname="tests.unit.test_features.test_tags.test_schemas.TestTagWithCountResponse" name="test_default_count" time="0.000" /><testcase classname="tests.unit.test_features.test_tags.test_schemas.TestReminderTagsUpdate" name="test_valid_tag_ids" time="0.000" /><testcase classname="tests.unit.test_features.test_tags.test_schemas.TestReminderTagsUpdate" name="test_empty_list_allowed" time="0.000" /><testcase classname="tests.unit.test_features.test_tags.test_schemas.TestAddTagsRequest" name="test_valid_request" time="0.000" /><testcase classname="tests.unit.test_features.test_tags.test_schemas.TestAddTagsRequest" name="test_empty_list_rejected" time="0.000" /><testcase classname="tests.unit.test_features.test_tags.test_schemas.TestRemoveTagsRequest" name="test_valid_request" time="0.000" /><testcase classname="tests.unit.test_features.test_tags.test_schemas.TestRemoveTagsRequest" name="test_empty_list_rejected" time="0.000" /><testcase classname="tests.unit.test_features.test_tasks.test_router" name="test_search_tasks_with_filters" time="0.014" /><testcase classname="tests.unit.test_features.test_tasks.test_router" name="test_search_tasks_invalid_params" time="0.014" /><testcase classname="tests.unit.test_features.test_tasks.test_router" name="test_get_running_tasks" time="0.015" /><testcase classname="tests.unit.test_features.test_tasks.test_router" name="test_get_running_tasks_empty" time="0.011" /><testcase classname="tests.unit.test_features.test_tasks.test_router" name="test_get_task_stats_with_hours" time="0.010" /><testcase classname="tests.unit.test_features.test_tasks.test_router" name="test_get_task_details_found" time="0.011" /><testcase classname="tests.unit.test_features.test_tasks.test_router" name="test_get_task_details_not_found" time="0.011" /><testcase classname="tests.unit.test_features.test_tasks.test_router" name="test_trigger_task_success" time="0.011" /><testcase classname="tests.unit.test_features.test_tasks.test_router" name="test_trigger_task_broker_unavailable" time="0.015" /><testcase classname="tests.unit.test_features.test_tasks.test_router" name="test_trigger_task_invalid_name" time="0.012" /><testcase classname="tests.unit.test_features.test_tasks.test_router" name="test_cancel_task_success" time="0.011" /><testcase classname="tests.unit.test_features.test_tasks.test_router" name="test_cancel_task_not_cancellable" time="0.012" /><testcase classname="tests.unit.test_features.test_tasks.test_router" name="test_list_scheduled_jobs" time="0.011" /><testcase classname="tests.unit.test_features.test_tasks.test_router" name="test_list_scheduled_jobs_empty" time="0.011" /><testcase classname="tests.unit.test_features.test_tasks.test_router" name="test_get_scheduled_job_found" time="0.010" /><testcase classname="tests.unit.test_features.test_tasks.test_router" name="test_get_scheduled_job_not_found" time="0.010" /><testcase classname="tests.unit.test_features.test_tasks.test_router" name="test_pause_scheduled_job_success" time="0.011" /><testcase classname="tests.unit.test_features.test_tasks.test_router" name="test_pause_scheduled_job_not_found" time="0.011" /><testcase classname="tests.unit.test_features.test_tasks.test_router" name="test_resume_scheduled_job_success" time="0.016" /><testcase classname="tests.unit.test_features.test_tasks.test_router" name="test_resume_scheduled_job_not_found" time="0.011" /><testcase classname="tests.unit.test_features.test_tasks.test_schemas.TestTaskStatus" name="test_all_statuses_exist" time="0.000" /><testcase classname="tests.unit.test_features.test_tasks.test_schemas.TestTaskStatus" name="test_status_values" time="0.000" /><testcase classname="tests.unit.test_features.test_tasks.test_schemas.TestTaskName" name="test_backup_tasks" time="0.000" /><testcase classname="tests.unit.test_features.test_tasks.test_schemas.TestTaskName" name="test_notification_tasks" time="0.000" /><testcase classname="tests.unit.test_features.test_tasks.test_schemas.TestTaskName" name="test_cache_tasks" time="0.000" /><testcase classname="tests.unit.test_features.test_tasks.test_schemas.TestTaskName" name="test_export_tasks" time="0.000" /><testcase classname="tests.unit.test_features.test_tasks.test_schemas.TestTaskName" name="test_cleanup_tasks" time="0.000" /><testcase classname="tests.unit.test_features.test_tasks.test_schemas.TestTaskName" name="test_total_task_count" time="0.000" /><testcase classname="tests.unit.test_features.test_tasks.test_schemas.TestTaskExecutionResponse" name="test_minimal_response" time="0.000" /><testcase classname="tests.unit.test_features.test_tasks.test_schemas.TestTaskExecutionResponse" name="test_full_response" time="0.000" /><testcase classname="tests.unit.test_features.test_tasks.test_schemas.TestTaskExecutionDetailResponse" name="test_inherits_base_fields" time="0.000" /><testcase classname="tests.unit.test_features.test_tasks.test_schemas.TestTaskExecutionDetailResponse" name="test_success_with_return_value" time="0.000" /><testcase classname="tests.unit.test_features.test_tasks.test_schemas.TestTaskExecutionDetailResponse" name="test_failure_with_error_info" time="0.000" /><testcase classname="tests.unit.test_features.test_tasks.test_schemas.TestTaskExecutionDetailResponse" name="test_task_args_and_kwargs" time="0.000" /><testcase classname="tests.unit.test_features.test_tasks.test_schemas.TestTaskExecutionDetailResponse" name="test_labels_and_metadata" time="0.000" /><testcase classname="tests.unit.test_features.test_tasks.test_schemas.TestRunningTaskResponse" name="test_required_fields" time="0.000" /><testcase classname="tests.unit.test_features.test_tasks.test_schemas.TestRunningTaskResponse" name="test_with_worker_id" time="0.000" /><testcase classname="tests.unit.test_features.test_tasks.test_schemas.TestTaskSearchParams" name="test_default_values" time="0.000" /><testcase classname="tests.unit.test_features.test_tasks.test_schemas.TestTaskSearchParams" name="test_with_filters" time="0.000" /><testcase classname="tests.unit.test_features.test_tasks.test_schemas.TestTaskSearchParams" name="test_date_range_filters" time="0.000" /><testcase classname="tests.unit.test_features.test_tasks.test_schemas.TestTaskSearchParams" name="test_ordering_options" time="0.000" /><testcase classname="tests.unit.test_features.test_tasks.test_schemas.TestTaskSearchParams" name="test_limit_bounds" time="0.000" /><testcase classname="tests.unit.test_features.test_tasks.test_schemas.TestTaskSearchParams" name="test_offset_non_negative" time="0.000" /><testcase classname="tests.unit.test_features.test_tasks.test_schemas.TestTaskSearchResponse" name="test_empty_results" time="0.000" /><testcase classname="tests.unit.test_features.test_tasks.test_schemas.TestTaskSearchResponse" name="test_with_results" time="0.000" /><testcase classname="tests.unit.test_features.test_tasks.test_schemas.TestTaskStatsResponse" name="test_default_values" time="0.000" /><testcase classname="tests.unit.test_features.test_tasks.test_schemas.TestTaskStatsResponse" name="test_full_stats" time="0.000" /><testcase classname="tests.unit.test_features.test_tasks.test_schemas.TestScheduledJobResponse" name="test_minimal_job" time="0.000" /><testcase classname="tests.unit.test_features.test_tasks.test_schemas.TestScheduledJobResponse" name="test_full_job" time="0.000" /><testcase classname="tests.unit.test_features.test_tasks.test_schemas.TestScheduledJobListResponse" name="test_empty_list" time="0.000" /><testcase classname="tests.unit.test_features.test_tasks.test_schemas.TestScheduledJobListResponse" name="test_with_jobs" time="0.000" /><testcase classname="tests.unit.test_features.test_tasks.test_schemas.TestTriggerTaskRequest" name="test_minimal_request" time="0.000" /><testcase classname="tests.unit.test_features.test_tasks.test_schemas.TestTriggerTaskRequest" name="test_with_params" time="0.000" /><testcase classname="tests.unit.test_features.test_tasks.test_schemas.TestTriggerTaskRequest" name="test_all_task_names_valid" time="0.000" /><testcase classname="tests.unit.test_features.test_tasks.test_schemas.TestTriggerTaskRequest" name="test_invalid_task_name" time="0.000" /><testcase classname="tests.unit.test_features.test_tasks.test_schemas.TestTriggerTaskResponse" name="test_response_fields" time="0.000" /><testcase classname="tests.unit.test_features.test_tasks.test_schemas.TestCancelTaskRequest" name="test_minimal_request" time="0.000" /><testcase classname="tests.unit.test_features.test_tasks.test_schemas.TestCancelTaskRequest" name="test_with_reason" time="0.000" /><testcase classname="tests.unit.test_features.test_tasks.test_schemas.TestCancelTaskRequest" name="test_reason_max_length" time="0.000" /><testcase classname="tests.unit.test_features.test_tasks.test_schemas.TestCancelTaskResponse" name="test_successful_cancellation" time="0.000" /><testcase classname="tests.unit.test_features.test_tasks.test_schemas.TestCancelTaskResponse" name="test_failed_cancellation" time="0.000" /><testcase classname="tests.unit.test_features.test_tasks.test_service.TestTaskManagementServiceInit" name="test_init_with_tracker" time="0.001" /><testcase classname="tests.unit.test_features.test_tasks.test_service.TestTaskManagementServiceInit" name="test_init_with_scheduler" time="0.000" /><testcase classname="tests.unit.test_features.test_tasks.test_service.TestTaskManagementServiceInit" name="test_init_without_tracker_uses_global" time="0.001" /><testcase classname="tests.unit.test_features.test_tasks.test_service.TestSearchTasks" name="test_search_with_defaults" time="0.002" /><testcase classname="tests.unit.test_features.test_tasks.test_service.TestSearchTasks" name="test_search_with_filters" time="0.002" /><testcase classname="tests.unit.test_features.test_tasks.test_service.TestSearchTasks" name="test_search_falls_back_when_count_fails" time="0.002" /><testcase classname="tests.unit.test_features.test_tasks.test_service.TestSearchTasks" name="test_search_with_disconnected_tracker" time="0.001" /><testcase classname="tests.unit.test_features.test_tasks.test_service.TestSearchTasks" name="test_search_with_no_tracker" time="0.001" /><testcase classname="tests.unit.test_features.test_tasks.test_service.TestGetTaskDetails" name="test_get_existing_task" time="0.001" /><testcase classname="tests.unit.test_features.test_tasks.test_service.TestGetTaskDetails" name="test_get_nonexistent_task" time="0.001" /><testcase classname="tests.unit.test_features.test_tasks.test_service.TestGetTaskDetails" name="test_get_task_with_error_details" time="0.001" /><testcase classname="tests.unit.test_features.test_tasks.test_service.TestGetRunningTasks" name="test_get_running_tasks" time="0.001" /><testcase classname="tests.unit.test_features.test_tasks.test_service.TestGetRunningTasks" name="test_no_running_tasks" time="0.001" /><testcase classname="tests.unit.test_features.test_tasks.test_service.TestGetStats" name="test_get_stats" time="0.002" /><testcase classname="tests.unit.test_features.test_tasks.test_service.TestGetStats" name="test_stats_with_disconnected_tracker" time="0.001" /><testcase classname="tests.unit.test_features.test_tasks.test_service.TestCancelTask" name="test_cancel_running_task" time="0.001" /><testcase classname="tests.unit.test_features.test_tasks.test_service.TestCancelTask" name="test_cancel_nonexistent_task" time="0.001" /><testcase classname="tests.unit.test_features.test_tasks.test_service.TestCancelTask" name="test_cancel_completed_task" time="0.001" /><testcase classname="tests.unit.test_features.test_tasks.test_service.TestScheduledJobs" name="test_get_scheduled_jobs" time="0.001" /><testcase classname="tests.unit.test_features.test_tasks.test_service.TestScheduledJobs" name="test_get_scheduled_job" time="0.001" /><testcase classname="tests.unit.test_features.test_tasks.test_service.TestScheduledJobs" name="test_get_nonexistent_job" time="0.000" /><testcase classname="tests.unit.test_features.test_tasks.test_service.TestScheduledJobs" name="test_pause_job" time="0.001" /><testcase classname="tests.unit.test_features.test_tasks.test_service.TestScheduledJobs" name="test_resume_job" time="0.001" /><testcase classname="tests.unit.test_features.test_tasks.test_service.TestScheduledJobs" name="test_no_scheduler" time="0.000" /><testcase classname="tests.unit.test_features.test_tasks.test_service.TestTriggerTask" name="test_trigger_task_no_broker" time="0.001" /><testcase classname="tests.unit.test_features.test_tasks.test_service.TestGetTaskService" name="test_creates_service" time="0.000" /><testcase classname="tests.unit.test_features.test_tasks.test_service.TestGetTaskService" name="test_handles_missing_scheduler" time="0.001" /><testcase classname="tests.unit.test_features.test_tasks.test_service.TestExceptions" name="test_broker_not_configured_error" time="0.000" /><testcase classname="tests.unit.test_features.test_tasks.test_service.TestExceptions" name="test_tracker_not_available_error" time="0.000" /><testcase classname="tests.unit.test_infra.test_cache.test_decorators.TestCacheKeyFunction" name="test_cache_key_with_simple_string" time="0.001" /><testcase classname="tests.unit.test_infra.test_cache.test_decorators.TestCacheKeyFunction" name="test_cache_key_with_integer" time="0.000" /><testcase classname="tests.unit.test_infra.test_cache.test_decorators.TestCacheKeyFunction" name="test_cache_key_with_float" time="0.000" /><testcase classname="tests.unit.test_infra.test_cache.test_decorators.TestCacheKeyFunction" name="test_cache_key_with_boolean" time="0.000" /><testcase classname="tests.unit.test_infra.test_cache.test_decorators.TestCacheKeyFunction" name="test_cache_key_with_multiple_args" time="0.000" /><testcase classname="tests.unit.test_infra.test_cache.test_decorators.TestCacheKeyFunction" name="test_cache_key_with_kwargs" time="0.000" /><testcase classname="tests.unit.test_infra.test_cache.test_decorators.TestCacheKeyFunction" name="test_cache_key_with_args_and_kwargs" time="0.000" /><testcase classname="tests.unit.test_infra.test_cache.test_decorators.TestCacheKeyFunction" name="test_cache_key_with_orm_model" time="0.000" /><testcase classname="tests.unit.test_infra.test_cache.test_decorators.TestCacheKeyFunction" name="test_cache_key_with_dict" time="0.000" /><testcase classname="tests.unit.test_infra.test_cache.test_decorators.TestCacheKeyFunction" name="test_cache_key_with_dict_order_independence" time="0.000" /><testcase classname="tests.unit.test_infra.test_cache.test_decorators.TestCacheKeyFunction" name="test_cache_key_with_list" time="0.000" /><testcase classname="tests.unit.test_infra.test_cache.test_decorators.TestCacheKeyFunction" name="test_cache_key_consistent_hashing" time="0.000" /><testcase classname="tests.unit.test_infra.test_cache.test_decorators.TestCacheKeyFunction" name="test_cache_key_with_none_kwarg" time="0.000" /><testcase classname="tests.unit.test_infra.test_cache.test_decorators.TestCacheKeyFunction" name="test_cache_key_with_model_in_kwargs" time="0.000" /><testcase classname="tests.unit.test_infra.test_cache.test_decorators.TestCachedDecorator" name="test_cached_basic_cache_miss_then_hit" time="0.003" /><testcase classname="tests.unit.test_infra.test_cache.test_decorators.TestCachedDecorator" name="test_cached_with_default_key_prefix" time="0.002" /><testcase classname="tests.unit.test_infra.test_cache.test_decorators.TestCachedDecorator" name="test_cached_with_custom_key_builder" time="0.002" /><testcase classname="tests.unit.test_infra.test_cache.test_decorators.TestCachedDecorator" name="test_cached_with_ttl_zero" time="0.002" /><testcase classname="tests.unit.test_infra.test_cache.test_decorators.TestCachedDecorator" name="test_cached_with_ttl_custom" time="0.003" /><testcase classname="tests.unit.test_infra.test_cache.test_decorators.TestCachedDecorator" name="test_cached_with_skip_cache_true" time="0.003" /><testcase classname="tests.unit.test_infra.test_cache.test_decorators.TestCachedDecorator" name="test_cached_with_skip_cache_false" time="0.003" /><testcase classname="tests.unit.test_infra.test_cache.test_decorators.TestCachedDecorator" name="test_cached_with_condition_true" time="0.005" /><testcase classname="tests.unit.test_infra.test_cache.test_decorators.TestCachedDecorator" name="test_cached_with_condition_false" time="0.002" /><testcase classname="tests.unit.test_infra.test_cache.test_decorators.TestCachedDecorator" name="test_cached_with_tags" time="0.003" /><testcase classname="tests.unit.test_infra.test_cache.test_decorators.TestCachedDecorator" name="test_cached_with_multiple_args" time="0.003" /><testcase classname="tests.unit.test_infra.test_cache.test_decorators.TestCachedDecorator" name="test_cached_preserves_function_metadata" time="0.001" /><testcase classname="tests.unit.test_infra.test_cache.test_decorators.TestInvalidateCache" name="test_invalidate_cache_existing_key" time="0.002" /><testcase classname="tests.unit.test_infra.test_cache.test_decorators.TestInvalidateCache" name="test_invalidate_cache_missing_key" time="0.002" /><testcase classname="tests.unit.test_infra.test_cache.test_decorators.TestInvalidateCache" name="test_invalidate_cache_with_kwargs" time="0.002" /><testcase classname="tests.unit.test_infra.test_cache.test_decorators.TestInvalidateCache" name="test_invalidate_cache_with_complex_args" time="0.002" /><testcase classname="tests.unit.test_infra.test_cache.test_decorators.TestInvalidatePattern" name="test_invalidate_pattern_with_matches" time="0.003" /><testcase classname="tests.unit.test_infra.test_cache.test_decorators.TestInvalidatePattern" name="test_invalidate_pattern_with_string_keys" time="0.002" /><testcase classname="tests.unit.test_infra.test_cache.test_decorators.TestInvalidatePattern" name="test_invalidate_pattern_no_matches" time="0.002" /><testcase classname="tests.unit.test_infra.test_cache.test_decorators.TestInvalidatePattern" name="test_invalidate_pattern_complex_pattern" time="0.003" /><testcase classname="tests.unit.test_infra.test_cache.test_decorators.TestInvalidatePattern" name="test_invalidate_pattern_without_client" time="0.002" /><testcase classname="tests.unit.test_infra.test_cache.test_decorators.TestInvalidateTags" name="test_invalidate_tags_single_tag" time="0.003" /><testcase classname="tests.unit.test_infra.test_cache.test_decorators.TestInvalidateTags" name="test_invalidate_tags_multiple_tags" time="0.003" /><testcase classname="tests.unit.test_infra.test_cache.test_decorators.TestInvalidateTags" name="test_invalidate_tags_removes_tag_sets" time="0.003" /><testcase classname="tests.unit.test_infra.test_cache.test_decorators.TestInvalidateTags" name="test_invalidate_tags_empty_tag_set" time="0.002" /><testcase classname="tests.unit.test_infra.test_cache.test_decorators.TestInvalidateTags" name="test_invalidate_tags_without_client" time="0.002" /><testcase classname="tests.unit.test_infra.test_cache.test_decorators.TestInvalidateTags" name="test_invalidate_tags_returns_total_count" time="0.004" /><testcase classname="tests.unit.test_infra.test_cache.test_decorators.TestCacheIntegration" name="test_cached_with_tags_and_invalidation" time="0.003" /><testcase classname="tests.unit.test_infra.test_cache.test_decorators.TestCacheIntegration" name="test_multiple_functions_sharing_tags" time="0.003" /><testcase classname="tests.unit.test_infra.test_cache.test_decorators.TestCacheIntegration" name="test_cache_key_consistency_across_calls" time="0.003" /><testcase classname="tests.unit.test_infra.test_cache.test_decorators.TestCacheIntegration" name="test_invalidate_pattern_clears_related_caches" time="0.002" /><testcase classname="tests.unit.test_infra.test_cache.test_decorators.TestCacheIntegration" name="test_conditional_caching_with_empty_results" time="0.002" /><testcase classname="tests.unit.test_infra.test_cache.test_decorators.TestCacheIntegration" name="test_skip_cache_forces_fresh_data" time="0.002" /><testcase classname="tests.unit.test_infra.test_cache.test_decorators.TestCacheEdgeCases" name="test_cache_key_with_empty_args" time="0.001" /><testcase classname="tests.unit.test_infra.test_cache.test_decorators.TestCacheEdgeCases" name="test_cached_with_no_args_function" time="0.002" /><testcase classname="tests.unit.test_infra.test_cache.test_decorators.TestCacheEdgeCases" name="test_invalidate_cache_with_no_suffix" time="0.002" /><testcase classname="tests.unit.test_infra.test_cache.test_decorators.TestCacheEdgeCases" name="test_cached_decorator_with_exception" time="0.002" /><testcase classname="tests.unit.test_infra.test_cache.test_decorators.TestCacheEdgeCases" name="test_cache_key_with_nested_dict" time="0.001" /><testcase classname="tests.unit.test_infra.test_cache.test_decorators.TestCacheEdgeCases" name="test_tags_with_multiple_values" time="0.002" /><testcase classname="tests.unit.test_infra.test_circuit_breaker.TestCircuitBreakerInitialization" name="test_initialization_with_defaults" time="0.000" /><testcase classname="tests.unit.test_infra.test_circuit_breaker.TestCircuitBreakerInitialization" name="test_initialization_with_custom_values" time="0.000" /><testcase classname="tests.unit.test_infra.test_circuit_breaker.TestCircuitBreakerInitialization" name="test_initialization_validates_thresholds" time="0.001" /><testcase classname="tests.unit.test_infra.test_circuit_breaker.TestCircuitBreakerStateProperties" name="test_is_closed_property" time="0.000" /><testcase classname="tests.unit.test_infra.test_circuit_breaker.TestCircuitBreakerStateProperties" name="test_is_open_property" time="0.001" /><testcase classname="tests.unit.test_infra.test_circuit_breaker.TestCircuitBreakerStateProperties" name="test_is_half_open_property" time="0.001" /><testcase classname="tests.unit.test_infra.test_circuit_breaker.TestCircuitBreakerStateTransitions" name="test_closed_to_open_on_failures" time="0.001" /><testcase classname="tests.unit.test_infra.test_circuit_breaker.TestCircuitBreakerStateTransitions" name="test_open_to_half_open_after_timeout" time="0.001" /><testcase classname="tests.unit.test_infra.test_circuit_breaker.TestCircuitBreakerStateTransitions" name="test_half_open_to_closed_on_successes" time="0.001" /><testcase classname="tests.unit.test_infra.test_circuit_breaker.TestCircuitBreakerStateTransitions" name="test_half_open_to_open_on_failure" time="0.002" /><testcase classname="tests.unit.test_infra.test_circuit_breaker.TestCircuitBreakerCallProtection" name="test_call_succeeds_when_closed" time="0.001" /><testcase classname="tests.unit.test_infra.test_circuit_breaker.TestCircuitBreakerCallProtection" name="test_call_raises_circuit_open_error_when_open" time="0.001" /><testcase classname="tests.unit.test_infra.test_circuit_breaker.TestCircuitBreakerCallProtection" name="test_call_records_failures" time="0.001" /><testcase classname="tests.unit.test_infra.test_circuit_breaker.TestCircuitBreakerCallProtection" name="test_call_resets_failure_count_on_success" time="0.001" /><testcase classname="tests.unit.test_infra.test_circuit_breaker.TestCircuitBreakerCallProtection" name="test_call_with_unexpected_exception" time="0.001" /><testcase classname="tests.unit.test_infra.test_circuit_breaker.TestCircuitBreakerDecoratorPattern" name="test_protected_decorator_success" time="0.001" /><testcase classname="tests.unit.test_infra.test_circuit_breaker.TestCircuitBreakerDecoratorPattern" name="test_protected_decorator_failure" time="0.001" /><testcase classname="tests.unit.test_infra.test_circuit_breaker.TestCircuitBreakerDecoratorPattern" name="test_protected_decorator_preserves_metadata" time="0.001" /><testcase classname="tests.unit.test_infra.test_circuit_breaker.TestCircuitBreakerDecoratorPattern" name="test_call_decorator_alias" time="0.001" /><testcase classname="tests.unit.test_infra.test_circuit_breaker.TestCircuitBreakerContextManager" name="test_context_manager_success" time="0.001" /><testcase classname="tests.unit.test_infra.test_circuit_breaker.TestCircuitBreakerContextManager" name="test_context_manager_failure" time="0.001" /><testcase classname="tests.unit.test_infra.test_circuit_breaker.TestCircuitBreakerContextManager" name="test_context_manager_raises_when_open" time="0.001" /><testcase classname="tests.unit.test_infra.test_circuit_breaker.TestCircuitBreakerContextManager" name="test_context_manager_half_open_call_limit" time="0.001" /><testcase classname="tests.unit.test_infra.test_circuit_breaker.TestCircuitBreakerMetrics" name="test_get_metrics_initial_state" time="0.001" /><testcase classname="tests.unit.test_infra.test_circuit_breaker.TestCircuitBreakerMetrics" name="test_get_metrics_tracks_operations" time="0.001" /><testcase classname="tests.unit.test_infra.test_circuit_breaker.TestCircuitBreakerMetrics" name="test_get_metrics_failure_rate_calculation" time="0.001" /><testcase classname="tests.unit.test_infra.test_circuit_breaker.TestCircuitBreakerMetrics" name="test_get_stats_backward_compatibility" time="0.001" /><testcase classname="tests.unit.test_infra.test_circuit_breaker.TestCircuitBreakerReset" name="test_reset_clears_state" time="0.001" /><testcase classname="tests.unit.test_infra.test_circuit_breaker.TestCircuitBreakerReset" name="test_reset_allows_immediate_calls" time="0.001" /><testcase classname="tests.unit.test_infra.test_circuit_breaker.TestCircuitBreakerConcurrency" name="test_concurrent_calls_thread_safe" time="0.001" /><testcase classname="tests.unit.test_infra.test_circuit_breaker.TestCircuitBreakerConcurrency" name="test_concurrent_failures_counted_correctly" time="0.001" /><testcase classname="tests.unit.test_infra.test_circuit_breaker.TestCircuitBreakerHalfOpenState" name="test_half_open_limits_concurrent_calls" time="0.001" /><testcase classname="tests.unit.test_infra.test_circuit_breaker.TestCircuitBreakerHalfOpenState" name="test_half_open_success_progression" time="0.001" /><testcase classname="tests.unit.test_infra.test_circuit_breaker.TestCircuitBreakerEdgeCases" name="test_recovery_timeout_edge_case" time="0.001" /><testcase classname="tests.unit.test_infra.test_circuit_breaker.TestCircuitBreakerEdgeCases" name="test_zero_failure_rate_with_no_calls" time="0.001" /><testcase classname="tests.unit.test_infra.test_circuit_breaker.TestCircuitBreakerEdgeCases" name="test_exception_in_decorator_propagates" time="0.001" /><testcase classname="tests.unit.test_infra.test_circuit_breaker.TestCircuitBreakerIntegration" name="test_full_circuit_lifecycle" time="0.002" /><testcase classname="tests.unit.test_infra.test_circuit_breaker.TestCircuitBreakerIntegration" name="test_realistic_service_degradation_scenario" time="0.002" /><testcase classname="tests.unit.test_infra.test_database_session" name="test_ensure_event_outbox_table_creates_table" time="0.015" /><testcase classname="tests.unit.test_infra.test_database_session" name="test_ensure_event_outbox_table_is_idempotent" time="0.013" /><testcase classname="tests.unit.test_infra.test_realtime.TestConnectionInfo" name="test_connection_info_creation" time="0.001" /><testcase classname="tests.unit.test_infra.test_realtime.TestConnectionInfo" name="test_connection_info_defaults" time="0.000" /><testcase classname="tests.unit.test_infra.test_realtime.TestConnectionManager" name="test_connect_accepts_websocket" time="0.002" /><testcase classname="tests.unit.test_infra.test_realtime.TestConnectionManager" name="test_connect_adds_to_channels" time="0.001" /><testcase classname="tests.unit.test_infra.test_realtime.TestConnectionManager" name="test_disconnect_removes_connection" time="0.002" /><testcase classname="tests.unit.test_infra.test_realtime.TestConnectionManager" name="test_disconnect_removes_from_channels" time="0.002" /><testcase classname="tests.unit.test_infra.test_realtime.TestConnectionManager" name="test_subscribe_adds_to_channel" time="0.001" /><testcase classname="tests.unit.test_infra.test_realtime.TestConnectionManager" name="test_unsubscribe_removes_from_channel" time="0.001" /><testcase classname="tests.unit.test_infra.test_realtime.TestConnectionManager" name="test_send_to_connection" time="0.002" /><testcase classname="tests.unit.test_infra.test_realtime.TestConnectionManager" name="test_send_to_nonexistent_connection" time="0.001" /><testcase classname="tests.unit.test_infra.test_realtime.TestConnectionManager" name="test_broadcast_local_only" time="0.002" /><testcase classname="tests.unit.test_infra.test_realtime.TestConnectionManager" name="test_broadcast_with_exclude" time="0.002" /><testcase classname="tests.unit.test_infra.test_realtime.TestConnectionManager" name="test_send_to_user" time="0.005" /><testcase classname="tests.unit.test_infra.test_realtime.TestConnectionManager" name="test_connection_count" time="0.002" /><testcase classname="tests.unit.test_infra.test_realtime.TestConnectionManager" name="test_channel_count" time="0.002" /><testcase classname="tests.unit.test_infra.test_realtime.TestConnectionManager" name="test_max_connections_enforcement" time="0.002" /><testcase classname="tests.unit.test_infra.test_realtime.TestConnectionManager" name="test_get_channel_connections" time="0.002" /><testcase classname="tests.unit.test_infra.test_realtime.TestWebSocketSchemas" name="test_connected_message" time="0.000" /><testcase classname="tests.unit.test_infra.test_realtime.TestWebSocketSchemas" name="test_broadcast_message" time="0.000" /><testcase classname="tests.unit.test_infra.test_realtime.TestWebSocketSchemas" name="test_error_message" time="0.000" /><testcase classname="tests.unit.test_infra.test_realtime.TestWebSocketSchemas" name="test_subscribe_message" time="0.000" /><testcase classname="tests.unit.test_infra.test_tracking.test_factory" name="test_create_tracker_returns_redis" time="0.001" /><testcase classname="tests.unit.test_infra.test_tracking.test_factory" name="test_create_tracker_returns_postgres" time="0.001" /><testcase classname="tests.unit.test_infra.test_tracking.test_factory" name="test_get_tracker_returns_global" time="0.000" /><testcase classname="tests.unit.test_infra.test_tracking.test_factory" name="test_start_tracker_skips_when_disabled" time="0.001" /><testcase classname="tests.unit.test_infra.test_tracking.test_factory" name="test_start_tracker_initializes_global" time="0.001" /><testcase classname="tests.unit.test_infra.test_tracking.test_factory" name="test_stop_tracker_disconnects" time="0.002" /><testcase classname="tests.unit.test_infra.test_tracking.test_postgres_tracker" name="test_connect_and_disconnect" time="0.002" /><testcase classname="tests.unit.test_infra.test_tracking.test_postgres_tracker" name="test_on_task_start_creates_execution_record" time="0.001" /><testcase classname="tests.unit.test_infra.test_tracking.test_postgres_tracker" name="test_on_task_finish_updates_record" time="0.002" /><testcase classname="tests.unit.test_infra.test_tracking.test_postgres_tracker" name="test_get_running_tasks_queries_running" time="0.001" /><testcase classname="tests.unit.test_infra.test_tracking.test_postgres_tracker" name="test_get_task_history_returns_list" time="0.001" /><testcase classname="tests.unit.test_infra.test_tracking.test_postgres_tracker" name="test_count_task_history" time="0.001" /><testcase classname="tests.unit.test_infra.test_tracking.test_postgres_tracker" name="test_get_task_details" time="0.001" /><testcase classname="tests.unit.test_infra.test_tracking.test_postgres_tracker" name="test_get_stats_aggregates_queries" time="0.002" /><testcase classname="tests.unit.test_infra.test_tracking.test_postgres_tracker" name="test_cancel_task_behaviour" time="0.001" /><testcase classname="tests.unit.test_infra.test_tracking.test_redis_tracker" name="test_connect_and_disconnect" time="0.001" /><testcase classname="tests.unit.test_infra.test_tracking.test_redis_tracker" name="test_on_task_start_records_execution" time="0.001" /><testcase classname="tests.unit.test_infra.test_tracking.test_redis_tracker" name="test_on_task_finish_updates_status_and_indices" time="0.001" /><testcase classname="tests.unit.test_infra.test_tracking.test_redis_tracker" name="test_get_running_tasks_reports_elapsed" time="0.001" /><testcase classname="tests.unit.test_infra.test_tracking.test_redis_tracker" name="test_get_task_history_filters_and_paginates" time="0.005" /><testcase classname="tests.unit.test_infra.test_tracking.test_redis_tracker" name="test_get_task_details_parses_fields" time="0.002" /><testcase classname="tests.unit.test_infra.test_tracking.test_redis_tracker" name="test_get_stats_aggregates_counts" time="0.002" /><testcase classname="tests.unit.test_infra.test_tracking.test_redis_tracker" name="test_cancel_task_handles_status" time="0.001" /><testcase classname="tests.unit.test_infra.test_tracking.test_redis_tracker" name="test_returns_empty_when_not_connected" time="0.001" /><testcase classname="tests.unit.test_messaging.test_tracing_utilities.TestTracedHandler" name="test_creates_span_with_correct_name" time="0.002" /><testcase classname="tests.unit.test_messaging.test_tracing_utilities.TestTracedHandler" name="test_sets_span_attributes_from_event" time="0.002" /><testcase classname="tests.unit.test_messaging.test_tracing_utilities.TestTracedHandler" name="test_records_success_status" time="0.002" /><testcase classname="tests.unit.test_messaging.test_tracing_utilities.TestTracedHandler" name="test_records_exception_on_failure" time="0.003" /><testcase classname="tests.unit.test_messaging.test_tracing_utilities.TestTracedHandler" name="test_custom_handler_name" time="0.002" /><testcase classname="tests.unit.test_messaging.test_tracing_utilities.TestTracedHandler" name="test_handles_missing_event_fields" time="0.002" /><testcase classname="tests.unit.test_messaging.test_tracing_utilities.TestTracedHandler" name="test_span_ends_even_on_exception" time="0.003" /><testcase classname="tests.unit.test_messaging.test_tracing_utilities.TestTracedHandler" name="test_preserves_function_name_and_docstring" time="0.001" /><testcase classname="tests.unit.test_messaging.test_tracing_utilities.TestExtractEvent" name="test_extracts_from_first_positional_arg" time="0.001" /><testcase classname="tests.unit.test_messaging.test_tracing_utilities.TestExtractEvent" name="test_extracts_from_event_kwarg" time="0.000" /><testcase classname="tests.unit.test_messaging.test_tracing_utilities.TestExtractEvent" name="test_extracts_from_message_kwarg" time="0.000" /><testcase classname="tests.unit.test_messaging.test_tracing_utilities.TestExtractEvent" name="test_returns_none_for_plain_args" time="0.000" /><testcase classname="tests.unit.test_messaging.test_tracing_utilities.TestExtractEvent" name="test_extracts_from_any_kwarg_with_event_id" time="0.000" /><testcase classname="tests.unit.test_messaging.test_tracing_utilities.TestSpanHelpers" name="test_add_message_span_attributes" time="0.001" /><testcase classname="tests.unit.test_messaging.test_tracing_utilities.TestSpanHelpers" name="test_add_message_span_attributes_skips_non_recording" time="0.001" /><testcase classname="tests.unit.test_messaging.test_tracing_utilities.TestSpanHelpers" name="test_add_message_span_event" time="0.001" /><testcase classname="tests.unit.test_messaging.test_tracing_utilities.TestSpanHelpers" name="test_add_message_span_event_without_attributes" time="0.001" /><testcase classname="tests.unit.test_messaging.test_tracing_utilities.TestSpanHelpers" name="test_add_message_span_event_skips_non_recording" time="0.001" /><testcase classname="tests.unit.test_middleware.test_correlation_id.TestCorrelationIDMiddleware" name="test_generates_correlation_id_when_not_provided" time="0.005" /><testcase classname="tests.unit.test_middleware.test_correlation_id.TestCorrelationIDMiddleware" name="test_preserves_existing_correlation_id" time="0.003" /><testcase classname="tests.unit.test_middleware.test_correlation_id.TestCorrelationIDMiddleware" name="test_correlation_id_in_response_header" time="0.004" /><testcase classname="tests.unit.test_middleware.test_correlation_id.TestCorrelationIDMiddleware" name="test_preserves_upstream_correlation_id_in_response" time="0.003" /><testcase classname="tests.unit.test_middleware.test_correlation_id.TestCorrelationIDMiddleware" name="test_correlation_id_available_in_request_state" time="0.003" /><testcase classname="tests.unit.test_middleware.test_correlation_id.TestCorrelationIDMiddleware" name="test_get_correlation_id_from_request_helper" time="0.003" /><testcase classname="tests.unit.test_middleware.test_correlation_id.TestCorrelationIDMiddleware" name="test_handles_non_http_scope" time="0.001" /><testcase classname="tests.unit.test_middleware.test_correlation_id.TestCorrelationIDMiddleware" name="test_case_insensitive_header_handling" time="0.006" /><testcase classname="tests.unit.test_middleware.test_correlation_id.TestCorrelationIDMiddleware" name="test_multiple_requests_have_different_correlation_ids" time="0.008" /><testcase classname="tests.unit.test_middleware.test_correlation_id.TestCorrelationIDMiddleware" name="test_custom_header_name" time="0.002" /><testcase classname="tests.unit.test_middleware.test_correlation_id.TestCorrelationIDMiddleware" name="test_generate_if_missing_false" time="0.002" /><testcase classname="tests.unit.test_middleware.test_correlation_id.TestCorrelationIDMiddleware" name="test_correlation_id_with_error_response" time="0.003" /><testcase classname="tests.unit.test_middleware.test_correlation_id.TestCorrelationIDMiddleware" name="test_distributed_tracing_scenario" time="0.005" /><testcase classname="tests.unit.test_middleware.test_correlation_id.TestCorrelationIDMiddleware" name="test_concurrent_requests_maintain_isolation" time="0.016" /><testcase classname="tests.unit.test_middleware.test_correlation_id.TestCorrelationIDMiddleware" name="test_correlation_id_format_validation" time="0.012" /><testcase classname="tests.unit.test_middleware.test_correlation_id.TestCorrelationIDMiddleware" name="test_empty_correlation_id_header" time="0.003" /><testcase classname="tests.unit.test_middleware.test_correlation_id.TestCorrelationIDMiddleware" name="test_performance_with_pure_asgi" time="0.137" /><testcase classname="tests.unit.test_middleware.test_correlation_id.TestCorrelationIDIntegration" name="test_correlation_id_with_request_id" time="0.003" /><testcase classname="tests.unit.test_middleware.test_correlation_id.TestCorrelationIDIntegration" name="test_correlation_id_persists_across_error" time="0.004" /><testcase classname="tests.unit.test_middleware.test_debug.TestTraceIDGeneration" name="test_generates_trace_id_when_missing" time="0.003" /><testcase classname="tests.unit.test_middleware.test_debug.TestTraceIDGeneration" name="test_propagates_existing_trace_id" time="0.002" /><testcase classname="tests.unit.test_middleware.test_debug.TestTraceIDGeneration" name="test_uses_request_id_as_fallback" time="0.002" /><testcase classname="tests.unit.test_middleware.test_debug.TestTraceIDGeneration" name="test_trace_id_precedence_over_request_id" time="0.002" /><testcase classname="tests.unit.test_middleware.test_debug.TestSpanIDGeneration" name="test_generates_span_id" time="0.003" /><testcase classname="tests.unit.test_middleware.test_debug.TestSpanIDGeneration" name="test_generates_unique_span_ids" time="0.004" /><testcase classname="tests.unit.test_middleware.test_debug.TestSpanIDGeneration" name="test_span_id_stored_in_request_state" time="0.002" /><testcase classname="tests.unit.test_middleware.test_debug.TestRequestLogging" name="test_logs_request_started" time="0.003" /><testcase classname="tests.unit.test_middleware.test_debug.TestRequestLogging" name="test_logs_request_completed" time="0.002" /><testcase classname="tests.unit.test_middleware.test_debug.TestRequestLogging" name="test_includes_query_params_in_log" time="0.003" /><testcase classname="tests.unit.test_middleware.test_debug.TestExceptionHandling" name="test_logs_exception_with_trace_context" time="0.004" /><testcase classname="tests.unit.test_middleware.test_debug.TestExceptionHandling" name="test_exception_includes_timing" time="0.005" /><testcase classname="tests.unit.test_middleware.test_debug.TestContextInjection" name="test_sets_log_context" time="0.003" /><testcase classname="tests.unit.test_middleware.test_debug.TestContextInjection" name="test_includes_user_context_when_available" time="0.003" /><testcase classname="tests.unit.test_middleware.test_debug.TestContextInjection" name="test_includes_tenant_context_when_available" time="0.003" /><testcase classname="tests.unit.test_middleware.test_debug.TestFeatureFlags" name="test_disabled_middleware_bypasses_processing" time="0.003" /><testcase classname="tests.unit.test_middleware.test_debug.TestFeatureFlags" name="test_log_requests_flag" time="0.003" /><testcase classname="tests.unit.test_middleware.test_debug.TestFeatureFlags" name="test_log_responses_flag" time="0.003" /><testcase classname="tests.unit.test_middleware.test_debug.TestHeaderPrefix" name="test_custom_header_prefix" time="0.002" /><testcase classname="tests.unit.test_middleware.test_debug.TestHeaderPrefix" name="test_reads_trace_id_with_custom_prefix" time="0.002" /><testcase classname="tests.unit.test_middleware.test_debug.TestPerformance" name="test_minimal_overhead_when_disabled" time="0.043" /><testcase classname="tests.unit.test_middleware.test_debug.TestPerformance" name="test_trace_headers_added_to_response" time="0.003" /><testcase classname="tests.unit.test_middleware.test_debug.TestEdgeCases" name="test_handles_missing_client" time="0.003" /><testcase classname="tests.unit.test_middleware.test_debug.TestEdgeCases" name="test_handles_empty_query_params" time="0.002" /><testcase classname="tests.unit.test_middleware.test_debug.TestIntegrationWithLoggingContext" name="test_context_available_in_endpoint" time="0.002" /><testcase classname="tests.unit.test_middleware.test_i18n" name="test_default_locale_when_no_detection_sources" time="0.004" /><testcase classname="tests.unit.test_middleware.test_i18n" name="test_locale_from_accept_language_header" time="0.004" /><testcase classname="tests.unit.test_middleware.test_i18n" name="test_locale_from_query_parameter" time="0.003" /><testcase classname="tests.unit.test_middleware.test_i18n" name="test_locale_from_cookie" time="0.003" /><testcase classname="tests.unit.test_middleware.test_i18n" name="test_locale_from_user_preference" time="0.003" /><testcase classname="tests.unit.test_middleware.test_i18n" name="test_accept_language_with_quality_values" time="0.003" /><testcase classname="tests.unit.test_middleware.test_i18n" name="test_accept_language_with_region_codes" time="0.003" /><testcase classname="tests.unit.test_middleware.test_i18n" name="test_accept_language_complex_header" time="0.003" /><testcase classname="tests.unit.test_middleware.test_i18n" name="test_accept_language_unsupported_languages" time="0.002" /><testcase classname="tests.unit.test_middleware.test_i18n" name="test_locale_priority_user_over_header" time="0.003" /><testcase classname="tests.unit.test_middleware.test_i18n" name="test_locale_priority_header_over_query" time="0.002" /><testcase classname="tests.unit.test_middleware.test_i18n" name="test_locale_priority_query_over_cookie" time="0.002" /><testcase classname="tests.unit.test_middleware.test_i18n" name="test_translations_loaded" time="0.002" /><testcase classname="tests.unit.test_middleware.test_i18n" name="test_translations_fallback_on_error" time="0.003" /><testcase classname="tests.unit.test_middleware.test_i18n" name="test_no_translation_provider" time="0.003" /><testcase classname="tests.unit.test_middleware.test_i18n" name="test_content_language_header_set" time="0.003" /><testcase classname="tests.unit.test_middleware.test_i18n" name="test_locale_cookie_set" time="0.003" /><testcase classname="tests.unit.test_middleware.test_i18n" name="test_custom_cookie_name" time="0.003" /><testcase classname="tests.unit.test_middleware.test_i18n" name="test_custom_locale_detector" time="0.004" /><testcase classname="tests.unit.test_middleware.test_i18n" name="test_disable_query_param_detection" time="0.003" /><testcase classname="tests.unit.test_middleware.test_i18n" name="test_disable_cookie_detection" time="0.003" /><testcase classname="tests.unit.test_middleware.test_i18n" name="test_disable_accept_language_detection" time="0.003" /><testcase classname="tests.unit.test_middleware.test_i18n" name="test_create_i18n_middleware_factory" time="0.003" /><testcase classname="tests.unit.test_middleware.test_i18n" name="test_unsupported_locale_falls_back_to_default" time="0.002" /><testcase classname="tests.unit.test_middleware.test_i18n" name="test_empty_accept_language_header" time="0.002" /><testcase classname="tests.unit.test_middleware.test_i18n" name="test_malformed_accept_language_header" time="0.002" /><testcase classname="tests.unit.test_middleware.test_i18n" name="test_multiple_requests_different_locales" time="0.006" /><testcase classname="tests.unit.test_middleware.test_i18n" name="test_locale_persistence_across_requests" time="0.004" /><testcase classname="tests.unit.test_middleware.test_i18n" name="test_real_world_scenario" time="0.003" /><testcase classname="tests.unit.test_middleware.test_metrics.TestMetric
[...]
king.TestPIIMasker" name="test_custom_patterns" time="0.001" /><testcase classname="tests.unit.test_middleware.test_pii_masking.TestPIIMasker" name="test_case_insensitive_field_matching" time="0.000" /><testcase classname="tests.unit.test_middleware.test_pii_masking.TestPIIMasker" name="test_empty_values" time="0.000" /><testcase classname="tests.unit.test_middleware.test_pii_masking.TestPIIMasker" name="test_mask_authorization_headers" time="0.000" /><testcase classname="tests.unit.test_middleware.test_pii_masking.TestPIIMasker" name="test_complex_real_world_data" time="0.000" /><testcase classname="tests.unit.test_middleware.test_pii_masking.TestPIIMasker" name="test_list_of_dicts" time="0.000" /><testcase classname="tests.unit.test_middleware.test_pii_masking.TestPIIMasker" name="test_mixed_list_types" time="0.000" /><testcase classname="tests.unit.test_middleware.test_pii_masking.TestPIIMasker" name="test_performance_with_large_data" time="0.002" /><testcase classname="tests.unit.test_middleware.test_rate_limit.TestRateLimitMiddleware" name="test_allows_request_under_limit" time="0.004" /><testcase classname="tests.unit.test_middleware.test_rate_limit.TestRateLimitMiddleware" name="test_rejects_request_over_limit" time="0.003" /><testcase classname="tests.unit.test_middleware.test_rate_limit.TestRateLimitMiddleware" name="test_rate_limit_headers_present" time="0.003" /><testcase classname="tests.unit.test_middleware.test_rate_limit.TestRateLimitMiddleware" name="test_exempt_paths_skip_rate_limiting" time="0.003" /><testcase classname="tests.unit.test_middleware.test_rate_limit.TestRateLimitMiddleware" name="test_custom_exempt_paths" time="0.003" /><testcase classname="tests.unit.test_middleware.test_rate_limit.TestRateLimitMiddleware" name="test_default_key_function_uses_ip" time="0.003" /><testcase classname="tests.unit.test_middleware.test_rate_limit.TestRateLimitMiddleware" name="test_custom_key_function" time="0.002" /><testcase classname="tests.unit.test_middleware.test_rate_limit.TestRateLimitMiddleware" name="test_x_forwarded_for_handling" time="0.002" /><testcase classname="tests.unit.test_middleware.test_rate_limit.TestRateLimitMiddleware" name="test_disabled_middleware_passes_through" time="0.001" /><testcase classname="tests.unit.test_middleware.test_rate_limit.TestRateLimitMiddleware" name="test_requires_limiter_when_enabled" time="0.000" /><testcase classname="tests.unit.test_middleware.test_rate_limit.TestRateLimitMiddleware" name="test_redis_failure_allows_request" time="0.003" /><testcase classname="tests.unit.test_middleware.test_rate_limit.TestRateLimitMiddleware" name="test_rate_limit_exception_propagated" time="0.003" /><testcase classname="tests.unit.test_middleware.test_rate_limit.TestRateLimitMiddleware" name="test_handles_non_http_scope" time="0.002" /><testcase classname="tests.unit.test_middleware.test_rate_limit.TestRateLimitMiddleware" name="test_rate_limit_with_different_methods" time="0.003" /><testcase classname="tests.unit.test_middleware.test_rate_limit.TestRateLimitMiddleware" name="test_concurrent_requests" time="0.006" /><testcase classname="tests.unit.test_middleware.test_rate_limit.TestRateLimitMiddleware" name="test_rate_limit_metadata_structure" time="0.002" /><testcase classname="tests.unit.test_middleware.test_rate_limit.TestRateLimitMiddleware" name="test_path_prefix_matching_for_exemptions" time="0.002" /><testcase classname="tests.unit.test_middleware.test_rate_limit_middleware" name="test_allows_request_and_sets_headers" time="0.002" /><testcase classname="tests.unit.test_middleware.test_rate_limit_middleware" name="test_returns_json_when_rate_limit_exceeded" time="0.001" /><testcase classname="tests.unit.test_middleware.test_rate_limit_middleware" name="test_fail_open_when_limiter_errors" time="0.002" /><testcase classname="tests.unit.test_middleware.test_rate_limit_middleware" name="test_default_key_function_uses_forwarded_header" time="0.002" /><testcase classname="tests.unit.test_middleware.test_rate_limit_middleware" name="test_middleware_skips_when_disabled" time="0.001" /><testcase classname="tests.unit.test_middleware.test_rate_limit_middleware" name="test_middleware_skips_exempt_paths" time="0.001" /><testcase classname="tests.unit.test_middleware.test_request_id.TestRequestIDMiddleware" name="test_generates_request_id_when_not_provided" time="0.002" /><testcase classname="tests.unit.test_middleware.test_request_id.TestRequestIDMiddleware" name="test_preserves_existing_request_id" time="0.002" /><testcase classname="tests.unit.test_middleware.test_request_id.TestRequestIDMiddleware" name="test_request_id_in_response_header" time="0.002" /><testcase classname="tests.unit.test_middleware.test_request_id.TestRequestIDMiddleware" name="test_sets_logging_context" time="0.002" /><testcase classname="tests.unit.test_middleware.test_request_id.TestRequestIDMiddleware" name="test_clears_logging_context_after_request" time="0.002" /><testcase classname="tests.unit.test_middleware.test_request_id.TestRequestIDMiddleware" name="test_clears_context_on_error" time="0.001" /><testcase classname="tests.unit.test_middleware.test_request_id.TestRequestIDMiddleware" name="test_request_id_available_in_scope_state" time="0.002" /><testcase classname="tests.unit.test_middleware.test_request_id.TestRequestIDMiddleware" name="test_handles_non_http_scope" time="0.001" /><testcase classname="tests.unit.test_middleware.test_request_id.TestRequestIDMiddleware" name="test_handles_missing_headers" time="0.001" /><testcase classname="tests.unit.test_middleware.test_request_id.TestRequestIDMiddleware" name="test_case_insensitive_header_handling" time="0.002" /><testcase classname="tests.unit.test_middleware.test_request_id.TestRequestIDMiddleware" name="test_multiple_requests_have_different_ids" time="0.002" /><testcase classname="tests.unit.test_middleware.test_request_id.TestRequestIDMiddleware" name="test_performance_with_pure_asgi" time="0.026" /><testcase classname="tests.unit.test_middleware.test_request_logging.TestRequestLoggingMiddleware" name="test_logs_request_details" time="0.003" /><testcase classname="tests.unit.test_middleware.test_request_logging.TestRequestLoggingMiddleware" name="test_logs_response_details" time="0.003" /><testcase classname="tests.unit.test_middleware.test_request_logging.TestRequestLoggingMiddleware" name="test_request_id_in_logs" time="0.003" /><testcase classname="tests.unit.test_middleware.test_request_logging.TestRequestLoggingMiddleware" name="test_exempt_paths_not_logged" time="0.002" /><testcase classname="tests.unit.test_middleware.test_request_logging.TestRequestLoggingMiddleware" name="test_logs_request_body" time="0.003" /><testcase classname="tests.unit.test_middleware.test_request_logging.TestRequestLoggingMiddleware" name="test_masks_sensitive_data_in_body" time="0.003" /><testcase classname="tests.unit.test_middleware.test_request_logging.TestRequestLoggingMiddleware" name="test_masks_authorization_header" time="0.003" /><testcase classname="tests.unit.test_middleware.test_request_logging.TestRequestLoggingMiddleware" name="test_max_body_size_limit" time="0.002" /><testcase classname="tests.unit.test_middleware.test_request_logging.TestRequestLoggingMiddleware" name="test_logs_error_on_exception" time="0.002" /><testcase classname="tests.unit.test_middleware.test_request_logging.TestRequestLoggingMiddleware" name="test_sets_logging_context" time="0.002" /><testcase classname="tests.unit.test_middleware.test_request_logging.TestRequestLoggingMiddleware" name="test_custom_log_level" time="0.003" /><testcase classname="tests.unit.test_middleware.test_request_logging.TestRequestLoggingMiddleware" name="test_custom_pii_masker" time="0.002" /><testcase classname="tests.unit.test_middleware.test_request_logging.TestRequestLoggingMiddleware" name="test_only_logs_json_and_form_bodies" time="0.002" /><testcase classname="tests.unit.test_middleware.test_request_logging.TestRequestLoggingMiddleware" name="test_duration_measurement" time="0.103" /><testcase classname="tests.unit.test_middleware.test_request_logging.TestRequestLoggingMiddleware" name="test_tracks_metrics" time="0.004" /><testcase classname="tests.unit.test_middleware.test_request_logging.TestRequestLoggingMiddleware" name="test_tracks_slow_requests" time="6.004" /><testcase classname="tests.unit.test_middleware.test_request_logging.TestRequestLoggingMiddleware" name="test_custom_exempt_paths" time="0.002" /><testcase classname="tests.unit.test_middleware.test_request_logging.TestRequestLoggingMiddleware" name="test_handles_form_data" time="0.003" /><testcase classname="tests.unit.test_middleware.test_request_logging.TestRequestLoggingMiddleware" name="test_handles_invalid_json_body" time="0.002" /><testcase classname="tests.unit.test_middleware.test_request_logging.TestEnhancedFeatures" name="test_client_ip_from_x_forwarded_for" time="0.002" /><testcase classname="tests.unit.test_middleware.test_request_logging.TestEnhancedFeatures" name="test_client_ip_from_x_real_ip" time="0.003" /><testcase classname="tests.unit.test_middleware.test_request_logging.TestEnhancedFeatures" name="test_user_agent_logging" time="0.003" /><testcase classname="tests.unit.test_middleware.test_request_logging.TestEnhancedFeatures" name="test_request_size_logging" time="0.003" /><testcase classname="tests.unit.test_middleware.test_request_logging.TestEnhancedFeatures" name="test_user_context_extraction" time="0.002" /><testcase classname="tests.unit.test_middleware.test_request_logging.TestEnhancedFeatures" name="test_event_type_fields" time="0.002" /><testcase classname="tests.unit.test_middleware.test_request_logging.TestEnhancedFeatures" name="test_duration_ms_field" time="0.002" /><testcase classname="tests.unit.test_middleware.test_request_logging.TestEnhancedFeatures" name="test_response_size_logging" time="0.003" /><testcase classname="tests.unit.test_middleware.test_request_logging.TestEnhancedFeatures" name="test_custom_sensitive_fields" time="0.003" /><testcase classname="tests.unit.test_middleware.test_request_logging.TestEnhancedFeatures" name="test_security_event_detection_sql_injection" time="0.003" /><testcase classname="tests.unit.test_middleware.test_request_logging.TestEnhancedFeatures" name="test_security_event_detection_xss" time="0.003" /><testcase classname="tests.unit.test_middleware.test_request_logging.TestEnhancedFeatures" name="test_security_event_detection_path_traversal" time="0.002" /><testcase classname="tests.unit.test_middleware.test_request_logging.TestEnhancedFeatures" name="test_no_security_detection_when_disabled" time="0.002" /><testcase classname="tests.unit.test_middleware.test_request_logging.TestEnhancedFeatures" name="test_error_log_includes_enhanced_context" time="0.002" /><testcase classname="tests.unit.test_middleware.test_request_logging.TestEnhancedFeatures" name="test_response_log_level_based_on_status" time="0.002" /><testcase classname="tests.unit.test_middleware.test_request_logging.TestEnhancedFeatures" name="test_handles_missing_user_context_gracefully" time="0.002" /><testcase classname="tests.unit.test_middleware.test_request_logging.TestEnhancedFeatures" name="test_handles_multiple_ip_formats" time="0.003" /><testcase classname="tests.unit.test_middleware.test_security_headers.TestSecurityHeadersMiddleware" name="test_hsts_header_present" time="0.002" /><testcase classname="tests.unit.test_middleware.test_security_headers.TestSecurityHeadersMiddleware" name="test_hsts_disabled_in_debug_mode" time="0.001" /><testcase classname="tests.unit.test_middleware.test_security_headers.TestSecurityHeadersMiddleware" name="test_csp_header_present" time="0.002" /><testcase classname="tests.unit.test_middleware.test_security_headers.TestSecurityHeadersMiddleware" name="test_x_frame_options_header" time="0.002" /><testcase classname="tests.unit.test_middleware.test_security_headers.TestSecurityHeadersMiddleware" name="test_x_content_type_options_header" time="0.002" /><testcase classname="tests.unit.test_middleware.test_security_headers.TestSecurityHeadersMiddleware" name="test_x_xss_protection_header" time="0.002" /><testcase classname="tests.unit.test_middleware.test_security_headers.TestSecurityHeadersMiddleware" name="test_referrer_policy_header" time="0.002" /><testcase classname="tests.unit.test_middleware.test_security_headers.TestSecurityHeadersMiddleware" name="test_permissions_policy_header" time="0.002" /><testcase classname="tests.unit.test_middleware.test_security_headers.TestSecurityHeadersMiddleware" name="test_x_permitted_cross_domain_policies_header" time="0.002" /><testcase classname="tests.unit.test_middleware.test_security_headers.TestSecurityHeadersMiddleware" name="test_x_powered_by_removed" time="0.002" /><testcase classname="tests.unit.test_middleware.test_security_headers.TestSecurityHeadersMiddleware" name="test_custom_csp_directives" time="0.002" /><testcase classname="tests.unit.test_middleware.test_security_headers.TestSecurityHeadersMiddleware" name="test_custom_frame_options" time="0.002" /><testcase classname="tests.unit.test_middleware.test_security_headers.TestSecurityHeadersMiddleware" name="test_custom_permissions_policy" time="0.001" /><testcase classname="tests.unit.test_middleware.test_security_headers.TestSecurityHeadersMiddleware" name="test_hsts_with_preload" time="0.002" /><testcase classname="tests.unit.test_middleware.test_security_headers.TestSecurityHeadersMiddleware" name="test_hsts_without_subdomains" time="0.002" /><testcase classname="tests.unit.test_middleware.test_security_headers.TestSecurityHeadersMiddleware" name="test_custom_hsts_max_age" time="0.001" /><testcase classname="tests.unit.test_middleware.test_security_headers.TestSecurityHeadersMiddleware" name="test_disable_individual_headers" time="0.002" /><testcase classname="tests.unit.test_middleware.test_security_headers.TestSecurityHeadersMiddleware" name="test_handles_non_http_scope" time="0.001" /><testcase classname="tests.unit.test_middleware.test_security_headers.TestSecurityHeadersMiddleware" name="test_all_default_headers_present" time="0.002" /><testcase classname="tests.unit.test_middleware.test_security_headers.TestSecurityHeadersMiddleware" name="test_custom_referrer_policy" time="0.002" /><testcase classname="tests.unit.test_middleware.test_security_headers.TestSecurityHeadersMiddleware" name="test_csp_with_multiple_directives" time="0.002" /><testcase classname="tests.unit.test_middleware.test_security_headers.TestSecurityHeadersMiddleware" name="test_permissions_policy_format" time="0.002" /><testcase classname="tests.unit.test_middleware.test_security_headers.TestSecurityHeadersMiddleware" name="test_headers_applied_to_all_responses" time="0.003" /><testcase classname="tests.unit.test_middleware.test_security_headers.TestSecurityHeadersMiddleware" name="test_performance_with_pure_asgi" time="0.029" /><testcase classname="tests.unit.test_middleware.test_security_headers.TestEnvironmentAwareFeatures" name="test_production_environment_enables_stricter_csp" time="0.002" /><testcase classname="tests.unit.test_middleware.test_security_headers.TestEnvironmentAwareFeatures" name="test_development_environment_allows_relaxed_csp" time="0.002" /><testcase classname="tests.unit.test_middleware.test_security_headers.TestEnvironmentAwareFeatures" name="test_production_auto_enables_hsts" time="0.004" /><testcase classname="tests.unit.test_middleware.test_security_headers.TestEnvironmentAwareFeatures" name="test_is_production_parameter_deprecated_but_works" time="0.002" /><testcase classname="tests.unit.test_middleware.test_security_headers.TestServerHeaderHandling" name="test_server_header_removed_when_none" time="0.002" /><testcase classname="tests.unit.test_middleware.test_security_headers.TestServerHeaderHandling" name="test_server_header_kept_when_false" time="0.002" /><testcase classname="tests.unit.test_middleware.test_security_headers.TestServerHeaderHandling" name="test_server_header_custom_value" time="0.002" /><testcase classname="tests.unit.test_middleware.test_security_headers.TestEnhancedPermissionsPolicy" name="test_enhanced_permissions_policy_includes_all_features" time="0.002" /><testcase classname="tests.unit.test_middleware.test_security_headers.TestEnhancedPermissionsPolicy" name="test_fullscreen_allowed_for_self" time="0.001" /><testcase classname="tests.unit.test_middleware.test_security_headers.TestCSPEnhancements" name="test_csp_handles_valueless_directives" time="0.001" /><testcase classname="tests.unit.test_middleware.test_security_headers.TestCSPEnhancements" name="test_production_csp_includes_upgrade_insecure_requests" time="0.001" /><testcase classname="tests.unit.test_middleware.test_security_headers.TestGetSecurityHeadersHelper" name="test_get_security_headers_basic" time="0.000" /><testcase classname="tests.unit.test_middleware.test_security_headers.TestGetSecurityHeadersHelper" name="test_get_security_headers_with_hsts" time="0.000" /><testcase classname="tests.unit.test_middleware.test_security_headers.TestGetSecurityHeadersHelper" name="test_get_security_headers_with_csp" time="0.000" /><testcase classname="tests.unit.test_middleware.test_security_headers.TestGetSecurityHeadersHelper" name="test_get_security_headers_with_custom_csp" time="0.000" /><testcase classname="tests.unit.test_middleware.test_security_headers.TestGetSecurityHeadersHelper" name="test_get_security_headers_with_valueless_directive" time="0.000" /><testcase classname="tests.unit.test_middleware.test_security_headers.TestGetSecurityHeadersHelper" name="test_get_security_headers_in_error_handler" time="0.002" /><testcase classname="tests.unit.test_middleware.test_security_headers.TestBackwardCompatibility" name="test_default_behavior_unchanged" time="0.002" /><testcase classname="tests.unit.test_middleware.test_security_headers.TestBackwardCompatibility" name="test_legacy_parameters_still_work" time="0.002" /><testcase classname="tests.unit.test_middleware.test_size_limit.TestRequestSizeLimitMiddleware" name="test_accepts_request_under_limit" time="0.002" /><testcase classname="tests.unit.test_middleware.test_size_limit.TestRequestSizeLimitMiddleware" name="test_rejects_request_over_limit" time="0.002" /><testcase classname="tests.unit.test_middleware.test_size_limit.TestRequestSizeLimitMiddleware" name="test_exact_limit_boundary" time="0.002" /><testcase classname="tests.unit.test_middleware.test_size_limit.TestRequestSizeLimitMiddleware" name="test_handles_request_without_content_length" time="0.002" /><testcase classname="tests.unit.test_middleware.test_size_limit.TestRequestSizeLimitMiddleware" name="test_error_detail_message_format" time="0.002" /><testcase classname="tests.unit.test_middleware.test_size_limit.TestRequestSizeLimitMiddleware" name="test_different_size_limits" time="0.022" /><testcase classname="tests.unit.test_middleware.test_size_limit.TestRequestSizeLimitMiddleware" name="test_handles_non_http_scope" time="0.001" /><testcase classname="tests.unit.test_middleware.test_size_limit.TestRequestSizeLimitMiddleware" name="test_response_content_type_is_json" time="0.003" /><testcase classname="tests.unit.test_middleware.test_size_limit.TestRequestSizeLimitMiddleware" name="test_handles_invalid_content_length_header" time="0.002" /><testcase classname="tests.unit.test_middleware.test_size_limit.TestRequestSizeLimitMiddleware" name="test_get_requests_without_body" time="0.002" /><testcase classname="tests.unit.test_middleware.test_size_limit.TestRequestSizeLimitMiddleware" name="test_default_10mb_limit" time="0.001" /><testcase classname="tests.unit.test_middleware.test_size_limit.TestRequestSizeLimitMiddleware" name="test_multiple_content_length_headers" time="0.001" /><testcase classname="tests.unit.test_middleware.test_size_limit.TestRequestSizeLimitMiddleware" name="test_performance_with_pure_asgi" time="0.522" /></testsuite></testsuites>